#
# There is insufficient memory for the Java Runtime Environment to continue.
# Native memory allocation (mmap) failed to map 65536 bytes. Error detail: Failed to commit metaspace.
# Possible reasons:
#   The system is out of physical RAM or swap space
#   This process is running with CompressedOops enabled, and the Java Heap may be blocking the growth of the native heap
# Possible solutions:
#   Reduce memory load on the system
#   Increase physical memory or swap space
#   Check if swap backing store is full
#   Decrease Java heap size (-Xmx/-Xms)
#   Decrease number of Java threads
#   Decrease Java thread stack sizes (-Xss)
#   Set larger code cache with -XX:ReservedCodeCacheSize=
#   JVM is running with Unscaled Compressed Oops mode in which the Java heap is
#     placed in the first 4GB address space. The Java Heap base address is the
#     maximum limit for the native heap growth. Please use -XX:HeapBaseMinAddress
#     to set the Java Heap base and to place the Java Heap above 4GB virtual address.
# This output file may be truncated or incomplete.
#
#  Out of Memory Error (virtualSpaceNode.cpp:113), pid=13392, tid=2040
#
# JRE version: OpenJDK Runtime Environment (23.0+37) (build 23+37-2369)
# Java VM: OpenJDK 64-Bit Server VM (23+37-2369, mixed mode, sharing, tiered, compressed oops, compressed class ptrs, g1 gc, windows-amd64)
# No core dump will be written. Minidumps are not enabled by default on client versions of Windows
#

---------------  S U M M A R Y ------------

Command Line: -javaagent:C:\Program Files\JetBrains\IntelliJ IDEA 2024.2.0.1\lib\idea_rt.jar=63245:C:\Program Files\JetBrains\IntelliJ IDEA 2024.2.0.1\bin -Dfile.encoding=UTF-8 -Dsun.stdout.encoding=UTF-8 -Dsun.stderr.encoding=UTF-8 hiber.MainApp

Host: Intel(R) Core(TM) i5-8300H CPU @ 2.30GHz, 8 cores, 7G,  Windows 10 , 64 bit Build 19041 (10.0.19041.4842)
Time: Sun Sep 29 14:38:19 2024 RTZ 2 (s 10 , 64 bit Build 19041 (10.0.19041.4842) elapsed time: 4.065179 seconds (0d 0h 0m 4s)

---------------  T H R E A D  ---------------

Current thread (0x000002011bf17ec0):  JavaThread "main"             [_thread_in_vm, id=2040, stack(0x00000059da800000,0x00000059da900000) (1024K)]

Stack: [0x00000059da800000,0x00000059da900000]
Native frames: (J=compiled Java code, j=interpreted, Vv=VM code, C=native code)
V  [jvm.dll+0x6e08a9]  (no source info available)
V  [jvm.dll+0x87da63]  (no source info available)
V  [jvm.dll+0x87feee]  (no source info available)
V  [jvm.dll+0x8805c3]  (no source info available)
V  [jvm.dll+0x27aee6]  (no source info available)
V  [jvm.dll+0x87966e]  (no source info available)
V  [jvm.dll+0x682025]  (no source info available)
V  [jvm.dll+0x1e09dc]  (no source info available)
V  [jvm.dll+0x1e07ae]  (no source info available)
V  [jvm.dll+0x684978]  (no source info available)
V  [jvm.dll+0x2219dc]  (no source info available)
V  [jvm.dll+0x682a3e]  (no source info available)
V  [jvm.dll+0x266336]  (no source info available)
V  [jvm.dll+0x2129b7]  (no source info available)
V  [jvm.dll+0x20811e]  (no source info available)
V  [jvm.dll+0x5be6df]  (no source info available)
V  [jvm.dll+0x7f3a66]  (no source info available)
V  [jvm.dll+0x475cf6]  (no source info available)
V  [jvm.dll+0x47bb98]  (no source info available)
C  [java.dll+0x17d4]  (no source info available)

Java frames: (J=compiled Java code, j=interpreted, Vv=VM code)
J 590  java.lang.ClassLoader.defineClass1(Ljava/lang/ClassLoader;Ljava/lang/String;[BIILjava/security/ProtectionDomain;Ljava/lang/String;)Ljava/lang/Class; java.base@23 (0 bytes) @ 0x000002012e3022e1 [0x000002012e302220+0x00000000000000c1]
J 1430 c1 java.lang.ClassLoader.defineClass(Ljava/lang/String;[BIILjava/security/ProtectionDomain;)Ljava/lang/Class; java.base@23 (43 bytes) @ 0x00000201269d38cc [0x00000201269d3580+0x000000000000034c]
J 1126 c1 java.security.SecureClassLoader.defineClass(Ljava/lang/String;[BIILjava/security/CodeSource;)Ljava/lang/Class; java.base@23 (16 bytes) @ 0x0000020126962c9c [0x0000020126962bc0+0x00000000000000dc]
J 1243 c1 jdk.internal.loader.BuiltinClassLoader.defineClass(Ljava/lang/String;Ljdk/internal/loader/Resource;)Ljava/lang/Class; java.base@23 (121 bytes) @ 0x000002012698b294 [0x000002012698a320+0x0000000000000f74]
J 1080 c1 jdk.internal.loader.BuiltinClassLoader.findClassOnClassPathOrNull(Ljava/lang/String;)Ljava/lang/Class; java.base@23 (64 bytes) @ 0x000002012694f614 [0x000002012694e980+0x0000000000000c94]
J 540 c1 jdk.internal.loader.BuiltinClassLoader.loadClassOrNull(Ljava/lang/String;Z)Ljava/lang/Class; java.base@23 (143 bytes) @ 0x0000020126895b84 [0x0000020126895160+0x0000000000000a24]
J 1109 c1 jdk.internal.loader.ClassLoaders$AppClassLoader.loadClass(Ljava/lang/String;Z)Ljava/lang/Class; java.base@23 (40 bytes) @ 0x000002012695af44 [0x000002012695ad60+0x00000000000001e4]
J 603 c1 java.lang.ClassLoader.loadClass(Ljava/lang/String;)Ljava/lang/Class; java.base@23 (7 bytes) @ 0x00000201268ab234 [0x00000201268ab120+0x0000000000000114]
v  ~StubRoutines::call_stub 0x000002012dd40fcd
j  com.fasterxml.classmate.util.LRUTypeCache.<init>(I)V+5
j  com.fasterxml.classmate.util.ResolvedTypeCache.lruCache(I)Lcom/fasterxml/classmate/util/ResolvedTypeCache;+5
j  com.fasterxml.classmate.TypeResolver.<init>()V+4
j  org.hibernate.boot.internal.ClassmateContext.<init>()V+9
j  org.hibernate.boot.internal.BootstrapContextImpl.<init>(Lorg/hibernate/boot/registry/StandardServiceRegistry;Lorg/hibernate/boot/spi/MetadataBuildingOptions;)V+14
j  org.hibernate.boot.internal.MetadataBuilderImpl.<init>(Lorg/hibernate/boot/MetadataSources;Lorg/hibernate/boot/registry/StandardServiceRegistry;)V+31
j  org.hibernate.boot.MetadataSources.getMetadataBuilder(Lorg/hibernate/boot/registry/StandardServiceRegistry;)Lorg/hibernate/boot/MetadataBuilder;+6
j  org.hibernate.cfg.Configuration.buildSessionFactory(Lorg/hibernate/service/ServiceRegistry;)Lorg/hibernate/SessionFactory;+18
j  org.hibernate.cfg.Configuration.buildSessionFactory()Lorg/hibernate/SessionFactory;+32
j  org.springframework.orm.hibernate5.LocalSessionFactoryBean.buildSessionFactory(Lorg/springframework/orm/hibernate5/LocalSessionFactoryBuilder;)Lorg/hibernate/SessionFactory;+19
j  org.springframework.orm.hibernate5.LocalSessionFactoryBean.afterPropertiesSet()V+608
j  org.springframework.beans.factory.support.AbstractAutowireCapableBeanFactory.invokeInitMethods(Ljava/lang/String;Ljava/lang/Object;Lorg/springframework/beans/factory/support/RootBeanDefinition;)V+106
j  org.springframework.beans.factory.support.AbstractAutowireCapableBeanFactory.initializeBean(Ljava/lang/String;Ljava/lang/Object;Lorg/springframework/beans/factory/support/RootBeanDefinition;)Ljava/lang/Object;+59
j  org.springframework.beans.factory.support.AbstractAutowireCapableBeanFactory.doCreateBean(Ljava/lang/String;Lorg/springframework/beans/factory/support/RootBeanDefinition;[Ljava/lang/Object;)Ljava/lang/Object;+245
j  org.springframework.beans.factory.support.AbstractAutowireCapableBeanFactory.createBean(Ljava/lang/String;Lorg/springframework/beans/factory/support/RootBeanDefinition;[Ljava/lang/Object;)Ljava/lang/Object;+169
j  org.springframework.beans.factory.support.AbstractBeanFactory.lambda$doGetBean$0(Ljava/lang/String;Lorg/springframework/beans/factory/support/RootBeanDefinition;[Ljava/lang/Object;)Ljava/lang/Object;+4
j  org.springframework.beans.factory.support.AbstractBeanFactory$$Lambda+0x000002013c08f360.getObject()Ljava/lang/Object;+16
j  org.springframework.beans.factory.support.DefaultSingletonBeanRegistry.getSingleton(Ljava/lang/String;Lorg/springframework/beans/factory/ObjectFactory;)Ljava/lang/Object;+132
j  org.springframework.beans.factory.support.AbstractBeanFactory.doGetBean(Ljava/lang/String;Ljava/lang/Class;[Ljava/lang/Object;Z)Ljava/lang/Object;+513
j  org.springframework.beans.factory.support.AbstractBeanFactory.getBean(Ljava/lang/String;)Ljava/lang/Object;+5
j  org.springframework.beans.factory.config.DependencyDescriptor.resolveCandidate(Ljava/lang/String;Ljava/lang/Class;Lorg/springframework/beans/factory/BeanFactory;)Ljava/lang/Object;+2
j  org.springframework.beans.factory.support.DefaultListableBeanFactory.doResolveDependency(Lorg/springframework/beans/factory/config/DependencyDescriptor;Ljava/lang/String;Ljava/util/Set;Lorg/springframework/beans/TypeConverter;)Ljava/lang/Object;+440
j  org.springframework.beans.factory.support.DefaultListableBeanFactory.resolveDependency(Lorg/springframework/beans/factory/config/DependencyDescriptor;Ljava/lang/String;Ljava/util/Set;Lorg/springframework/beans/TypeConverter;)Ljava/lang/Object;+108
j  org.springframework.beans.factory.annotation.AutowiredAnnotationBeanPostProcessor$AutowiredFieldElement.resolveFieldValue(Ljava/lang/reflect/Field;Ljava/lang/Object;Ljava/lang/String;)Ljava/lang/Object;+81
j  org.springframework.beans.factory.annotation.AutowiredAnnotationBeanPostProcessor$AutowiredFieldElement.inject(Ljava/lang/Object;Ljava/lang/String;Lorg/springframework/beans/PropertyValues;)V+53
j  org.springframework.beans.factory.annotation.InjectionMetadata.inject(Ljava/lang/Object;Ljava/lang/String;Lorg/springframework/beans/PropertyValues;)V+68
j  org.springframework.beans.factory.annotation.AutowiredAnnotationBeanPostProcessor.postProcessProperties(Lorg/springframework/beans/PropertyValues;Ljava/lang/Object;Ljava/lang/String;)Lorg/springframework/beans/PropertyValues;+17
j  org.springframework.beans.factory.support.AbstractAutowireCapableBeanFactory.populateBean(Ljava/lang/String;Lorg/springframework/beans/factory/support/RootBeanDefinition;Lorg/springframework/beans/BeanWrapper;)V+265
j  org.springframework.beans.factory.support.AbstractAutowireCapableBeanFactory.doCreateBean(Ljava/lang/String;Lorg/springframework/beans/factory/support/RootBeanDefinition;[Ljava/lang/Object;)Ljava/lang/Object;+237
j  org.springframework.beans.factory.support.AbstractAutowireCapableBeanFactory.createBean(Ljava/lang/String;Lorg/springframework/beans/factory/support/RootBeanDefinition;[Ljava/lang/Object;)Ljava/lang/Object;+169
j  org.springframework.beans.factory.support.AbstractBeanFactory.lambda$doGetBean$0(Ljava/lang/String;Lorg/springframework/beans/factory/support/RootBeanDefinition;[Ljava/lang/Object;)Ljava/lang/Object;+4
j  org.springframework.beans.factory.support.AbstractBeanFactory$$Lambda+0x000002013c08f360.getObject()Ljava/lang/Object;+16
j  org.springframework.beans.factory.support.DefaultSingletonBeanRegistry.getSingleton(Ljava/lang/String;Lorg/springframework/beans/factory/ObjectFactory;)Ljava/lang/Object;+132
j  org.springframework.beans.factory.support.AbstractBeanFactory.doGetBean(Ljava/lang/String;Ljava/lang/Class;[Ljava/lang/Object;Z)Ljava/lang/Object;+513
j  org.springframework.beans.factory.support.AbstractBeanFactory.getBean(Ljava/lang/String;)Ljava/lang/Object;+5
j  org.springframework.beans.factory.support.DefaultListableBeanFactory.preInstantiateSingletons()V+248
j  org.springframework.context.support.AbstractApplicationContext.finishBeanFactoryInitialization(Lorg/springframework/beans/factory/config/ConfigurableListableBeanFactory;)V+124
j  org.springframework.context.support.AbstractApplicationContext.refresh()V+86
j  org.springframework.context.annotation.AnnotationConfigApplicationContext.<init>([Ljava/lang/Class;)V+10
j  hiber.MainApp.main([Ljava/lang/String;)V+13
v  ~StubRoutines::call_stub 0x000002012dd40fcd
Lock stack of current Java thread (top to bottom):
LockStack[0]: java.lang.Object 
{0x0000000088f17a10} - klass: 'java/lang/Object'
 - ---- fields (total size 2 words):


Compiled method (n/a) 4136  590     n 0       java.lang.ClassLoader::defineClass1 (native)
 total in heap  [0x000002012e302108,0x000002012e3026c0] = 1464
 relocation     [0x000002012e3021e0,0x000002012e302218] = 56
 main code      [0x000002012e302220,0x000002012e3026bf] = 1183
 stub code      [0x000002012e3026bf,0x000002012e3026c0] = 1

[Constant Pool (empty)]

[MachCode]
[Entry Point]
  # {method} {0x000002013b476638} 'defineClass1' '(Ljava/lang/ClassLoader;Ljava/lang/String;[BIILjava/security/ProtectionDomain;Ljava/lang/String;)Ljava/lang/Class;' in 'java/lang/ClassLoader'
  # parm0:    rdx:rdx   = 'java/lang/ClassLoader'
  # parm1:    r8:r8     = 'java/lang/String'
  # parm2:    r9:r9     = '[B'
  # parm3:    rdi       = int
  # parm4:    rsi       = int
  # parm5:    rcx:rcx   = 'java/security/ProtectionDomain'
  # parm6:    [sp+0xa0]   = 'java/lang/String'  (sp of caller)
  0x000002012e302220: 6690 448b | 5208 443b 

  0x000002012e302228: ;   {runtime_call ic_miss_stub}
  0x000002012e302228: 5008 0f85 | b0c2 a8ff 
[Verified Entry Point]
  0x000002012e302230: 8984 2400 | 80ff ff55 | 488b ec48 | 81ec 9000 | 0000 6690 | 4181 7f20 | 0100 0000 

  0x000002012e30224c: ;   {runtime_call StubRoutines (final stubs)}
  0x000002012e30224c: 7405 e8ed | 54a7 ff48 | 837d 1000 | 488d 4510 | 480f 4445 | 1048 8944 | 2440 4889 | 4c24 7048 
  0x000002012e30226c: 83f9 0048 | 8d44 2470 | 480f 4444 | 2470 4889 | 4424 3848 | 8974 2430 | 4889 7c24 | 284c 894c 
  0x000002012e30228c: 2458 4983 | f900 488d | 4424 5848 | 0f44 4424 | 5848 8944 | 2420 4c89 | 4424 5049 | 83f8 004c 
  0x000002012e3022ac: 8d4c 2450 | 4c0f 444c | 2450 4889 | 5424 4848 | 83fa 004c | 8d44 2448 | 4c0f 4444 

  0x000002012e3022c8: ;   {oop(a 'java/lang/Class'{0x0000000088916848} = 'java/lang/ClassLoader')}
  0x000002012e3022c8: 2448 49be | 4868 9188 | 0000 0000 | 4c89 7424 | 784c 8d74 | 2478 498b | d6c5 f877 

  0x000002012e3022e4: ;   {internal_word}
  0x000002012e3022e4: 49ba e122 | 302e 0102 | 0000 4d89 | 97a8 0300 | 0049 89a7 | a003 0000 

  0x000002012e3022fc: ;   {external_word}
  0x000002012e3022fc: 49ba 41ad | 2af9 fd7f | 0000 4180 | 3a00 0f84 | 4e00 0000 | 5241 5041 

  0x000002012e302314: ;   {metadata({method} {0x000002013b476638} 'defineClass1' '(Ljava/lang/ClassLoader;Ljava/lang/String;[BIILjava/security/ProtectionDomain;Ljava/lang/String;)Ljava/lang/Class;' in 'java/lang/ClassLoader')}
  0x000002012e302314: 5148 ba30 | 6647 3b01 | 0200 0049 | 8bcf 4883 | ec20 40f6 | c40f 0f84 | 1900 0000 | 4883 ec08 
  0x000002012e302334: ;   {runtime_call}
  0x000002012e302334: 48b8 00ee | daf8 fd7f | 0000 ffd0 | 4883 c408 | e90c 0000 

  0x000002012e302348: ;   {runtime_call}
  0x000002012e302348: 0048 b800 | eeda f8fd | 7f00 00ff | d048 83c4 | 2041 5941 | 585a 498d | 8fc0 0300 | 0041 c787 
  0x000002012e302368: 4404 0000 | 0400 0000 

  0x000002012e302370: ;   {runtime_call}
  0x000002012e302370: 48b8 9416 | cf33 fe7f | 0000 ffd0 | c5f8 7741 | c787 4404 | 0000 0500 | 0000 f083 | 4424 c000 
  0x000002012e302390: 493b af48 | 0400 000f | 870e 0000 | 0041 83bf | 4004 0000 | 000f 842b | 0000 00c5 | f877 4889 
  0x000002012e3023b0: 45f8 498b | cf4c 8be4 | 4883 ec20 | 4883 e4f0 

  0x000002012e3023c0: ;   {runtime_call}
  0x000002012e3023c0: 48b8 90a9 | a4f8 fd7f | 0000 ffd0 | 498b e44d | 33e4 488b | 45f8 41c7 | 8744 0400 | 0008 0000 
  0x000002012e3023e0: 0041 83bf | c804 0000 | 020f 84a3 

  0x000002012e3023ec: ;   {external_word}
  0x000002012e3023ec: 0200 0049 | ba41 ad2a | f9fd 7f00 | 0041 803a | 000f 844c | 0000 0048 

  0x000002012e302404: ;   {metadata({method} {0x000002013b476638} 'defineClass1' '(Ljava/lang/ClassLoader;Ljava/lang/String;[BIILjava/security/ProtectionDomain;Ljava/lang/String;)Ljava/lang/Class;' in 'java/lang/ClassLoader')}
  0x000002012e302404: 8945 f848 | ba30 6647 | 3b01 0200 | 0049 8bcf | 4883 ec20 | 40f6 c40f | 0f84 1900 | 0000 4883 
  0x000002012e302424: ;   {runtime_call}
  0x000002012e302424: ec08 48b8 | 00ee daf8 | fd7f 0000 | ffd0 4883 | c408 e90c 

  0x000002012e302438: ;   {runtime_call}
  0x000002012e302438: 0000 0048 | b800 eeda | f8fd 7f00 | 00ff d048 | 83c4 2048 | 8b45 f849 | c787 a003 | 0000 0000 
  0x000002012e302458: 0000 49c7 | 87a8 0300 | 0000 0000 | 00c5 f877 | 4885 c00f | 84fe 0100 | 00a8 030f | 8508 0000 
  0x000002012e302478: 0048 8b00 | e9ee 0100 | 00a8 010f | 8509 0000 | 0048 8b40 | fee9 dd01 | 0000 488b | 40ff 4180 
  0x000002012e302498: 7f38 000f | 84ce 0100 | 0048 83f8 | 000f 84c4 | 0100 0049 | 8b4f 2848 | 83f9 000f | 8414 0000 
  0x000002012e3024b8: 0048 83e9 | 0849 894f | 2849 034f | 3048 8901 | e9a2 0100 | 0048 81ec | d000 0000 | 4889 0424 
  0x000002012e3024d8: 4889 4c24 | 0848 8954 | 2410 4889 | 7424 1848 | 897c 2420 | 4c89 4424 | 284c 894c | 2430 4c89 
  0x000002012e3024f8: 5424 384c | 895c 2440 | c5fb 1144 | 2450 c5fb | 114c 2458 | c5fb 1154 | 2460 c5fb | 115c 2468 
  0x000002012e302518: c5fb 1164 | 2470 c5fb | 116c 2478 | c5fb 11b4 | 2480 0000 | 00c5 fb11 | bc24 8800 | 0000 c57b 
  0x000002012e302538: ;   {no_reloc}
  0x000002012e302538: 1184 2490 | 0000 00c5 | 7b11 8c24 | 9800 0000 | c57b 1194 | 24a0 0000 | 00c5 7b11 | 9c24 a800 
  0x000002012e302558: 0000 c57b | 11a4 24b0 | 0000 00c5 | 7b11 ac24 | b800 0000 | c57b 11b4 | 24c0 0000 | 00c5 7b11 
  0x000002012e302578: bc24 c800 | 0000 498b | d748 8bc8 | 4883 ec20 | 40f6 c40f | 0f84 1900 | 0000 4883 

  0x000002012e302594: ;   {runtime_call}
  0x000002012e302594: ec08 48b8 | e007 98f8 | fd7f 0000 | ffd0 4883 | c408 e90c 

  0x000002012e3025a8: ;   {runtime_call}
  0x000002012e3025a8: 0000 0048 | b8e0 0798 | f8fd 7f00 | 00ff d048 | 83c4 20c5 | 7b10 bc24 | c800 0000 | c57b 10b4 
  0x000002012e3025c8: 24c0 0000 | 00c5 7b10 | ac24 b800 | 0000 c57b | 10a4 24b0 | 0000 00c5 | 7b10 9c24 | a800 0000 
  0x000002012e3025e8: c57b 1094 | 24a0 0000 | 00c5 7b10 | 8c24 9800 | 0000 c57b | 1084 2490 | 0000 00c5 | fb10 bc24 
  0x000002012e302608: 8800 0000 | c5fb 10b4 | 2480 0000 | 00c5 fb10 | 6c24 78c5 | fb10 6424 | 70c5 fb10 | 5c24 68c5 
  0x000002012e302628: fb10 5424 | 60c5 fb10 | 4c24 58c5 | fb10 4424 | 504c 8b5c | 2440 4c8b | 5424 384c | 8b4c 2430 
  0x000002012e302648: 4c8b 4424 | 2848 8b7c | 2420 488b | 7424 1848 | 8b54 2410 | 488b 4c24 | 0848 8b04 | 2448 81c4 
  0x000002012e302668: d000 0000 | c5f8 7749 | 8b8f 3004 | 0000 c781 | 0001 0000 | 0000 0000 | c949 837f | 0800 0f85 
  0x000002012e302688: 0100 0000 

  0x000002012e30268c: ;   {runtime_call StubRoutines (initial stubs)}
  0x000002012e30268c: c3e9 2ee8 | a3ff c5f8 | 7748 8945 | f84c 8be4 | 4883 ec20 | 4883 e4f0 

  0x000002012e3026a4: ;   {runtime_call}
  0x000002012e3026a4: 48b8 b022 | dbf8 fd7f | 0000 ffd0 | 498b e44d | 33e4 488b | 45f8 e930 | fdff fff4 
[/MachCode]


Compiled method (c1) 4174 1430       3       java.lang.ClassLoader::defineClass (43 bytes)
 total in heap  [0x00000201269d3408,0x00000201269d3ac8] = 1728
 relocation     [0x00000201269d34e0,0x00000201269d3580] = 160
 main code      [0x00000201269d3580,0x00000201269d3a10] = 1168
 stub code      [0x00000201269d3a10,0x00000201269d3a88] = 120
 metadata       [0x00000201269d3a88,0x00000201269d3ac8] = 64
 immutable data [0x0000020100adec50,0x0000020100adee60] = 528
 dependencies   [0x0000020100adec50,0x0000020100adec68] = 24
 nul chk table  [0x0000020100adec68,0x0000020100adec90] = 40
 scopes pcs     [0x0000020100adec90,0x0000020100aded70] = 224
 scopes data    [0x0000020100aded70,0x0000020100adee60] = 240

[Constant Pool (empty)]

[MachCode]
[Instructions begin]
  0x00000201269d3580: 6666 660f | 1f84 0000 | 0000 0066 | 6666 9066 | 6690 448b | 5208 443b 

  0x00000201269d3598: ;   {runtime_call ic_miss_stub}
  0x00000201269d3598: 5008 0f85 | 40af 3b07 
[Verified Entry Point]
  0x00000201269d35a0: 8984 2400 | 80ff ff55 | 4881 ecb0 | 0000 0090 | 4181 7f20 | 0100 0000 

  0x00000201269d35b8: ;   {runtime_call StubRoutines (final stubs)}
  0x00000201269d35b8: 7405 e881 | 413a 0748 | 8954 2478 

  0x00000201269d35c4: ;   {metadata(method data for {method} {0x000002013b4769b8} 'defineClass' '(Ljava/lang/String;[BIILjava/security/ProtectionDomain;)Ljava/lang/Class;' in 'java/lang/ClassLoader')}
  0x00000201269d35c4: 48bb 6876 | 237c 0102 | 0000 8b83 | cc00 0000 | 83c0 0289 | 83cc 0000 | 0025 fe07 | 0000 85c0 
  0x00000201269d35e4: 0f84 4803 | 0000 89b4 | 2494 0000 | 0089 bc24 | 9000 0000 | 4c89 8c24 | 8800 0000 

  0x00000201269d3600: ;   {metadata(method data for {method} {0x000002013b4769b8} 'defineClass' '(Ljava/lang/String;[BIILjava/security/ProtectionDomain;)Ljava/lang/Class;' in 'java/lang/ClassLoader')}
  0x00000201269d3600: 488b da48 | b868 7623 | 7c01 0200 | 0048 8380 | 1801 0000 | 0149 8bd8 | 4c8b c34c | 8bc9 488b 
  0x00000201269d3620: ca48 8bd1 | 4889 9c24 | 8000 0000 

  0x00000201269d362c: ;   {optimized virtual_call}
  0x00000201269d362c: 6666 90e8 

  0x00000201269d3630: ; ImmutableOopMap {[120]=Oop [128]=Oop [136]=Oop }
                      ;*invokevirtual preDefineClass {reexecute=0 rethrow=0 return_oop=0}
                      ; - java.lang.ClassLoader::defineClass@4 (line 1024)
  0x00000201269d3630: 6ce1 f8ff 

  0x00000201269d3634: ;   {other}
  0x00000201269d3634: 0f1f 8400 | 2c02 0000 | 4889 8424 | 9800 0000 | 488b 5424 

  0x00000201269d3648: ;   {metadata(method data for {method} {0x000002013b4769b8} 'defineClass' '(Ljava/lang/String;[BIILjava/security/ProtectionDomain;)Ljava/lang/Class;' in 'java/lang/ClassLoader')}
  0x00000201269d3648: 7849 b868 | 7623 7c01 | 0200 0049 | 8380 4801 

  0x00000201269d3658: ;   {metadata(method data for {method} {0x000002013b4766a0} 'defineClassSourceLocation' '(Ljava/security/ProtectionDomain;)Ljava/lang/String;' in 'java/lang/ClassLoader')}
  0x00000201269d3658: 0000 0149 | b8c8 8228 | 7c01 0200 | 0041 8b90 | cc00 0000 | 83c2 0241 | 8990 cc00 | 0000 81e2 
  0x00000201269d3678: feff 1f00 | 85d2 0f84 | cf02 0000 

  0x00000201269d3684: ; implicit exception: dispatches to 0x00000201269d3974
  0x00000201269d3684: 483b 004c 

  0x00000201269d3688: ;   {metadata(method data for {method} {0x000002013b4766a0} 'defineClassSourceLocation' '(Ljava/security/ProtectionDomain;)Ljava/lang/String;' in 'java/lang/ClassLoader')}
  0x00000201269d3688: 8bc0 48ba | c882 287c | 0102 0000 | 4883 8218 | 0100 0001 | 448b 4010 

  0x00000201269d36a0: ;   {metadata(method data for {method} {0x000002013b4766a0} 'defineClassSourceLocation' '(Ljava/security/ProtectionDomain;)Ljava/lang/String;' in 'java/lang/ClassLoader')}
  0x00000201269d36a0: 4d85 c048 | bac8 8228 | 7c01 0200 | 00be 5801 | 0000 7505 | be48 0100 | 0048 8b3c | 3248 8d7f 
  0x00000201269d36c0: 0148 893c | 320f 850f 

  0x00000201269d36c8: ;   {oop(nullptr)}
  0x00000201269d36c8: 0000 0048 | bb00 0000 | 0000 0000 | 00e9 9d01 | 0000 493b | 0049 8bd0 

  0x00000201269d36e0: ;   {metadata(method data for {method} {0x000002013b4766a0} 'defineClassSourceLocation' '(Ljava/security/ProtectionDomain;)Ljava/lang/String;' in 'java/lang/ClassLoader')}
  0x00000201269d36e0: 48be c882 | 287c 0102 | 0000 4883 | 8668 0100 | 0001 418b | 500c 4885 

  0x00000201269d36f8: ;   {metadata(method data for {method} {0x000002013b4766a0} 'defineClassSourceLocation' '(Ljava/security/ProtectionDomain;)Ljava/lang/String;' in 'java/lang/ClassLoader')}
  0x00000201269d36f8: d248 bec8 | 8228 7c01 | 0200 00bf | a801 0000 | 7505 bf98 | 0100 0048 | 8b1c 3e48 | 8d5b 0148 
  0x00000201269d3718: 891c 3e0f | 850f 0000 

  0x00000201269d3720: ;   {oop(nullptr)}
  0x00000201269d3720: 0048 bb00 | 0000 0000 | 0000 00e9 | 4701 0000 

  0x00000201269d3730: ;   {metadata(method data for {method} {0x000002013b4766a0} 'defineClassSourceLocation' '(Ljava/security/ProtectionDomain;)Ljava/lang/String;' in 'java/lang/ClassLoader')}
  0x00000201269d3730: 48be c882 | 287c 0102 | 0000 4883 | 86b8 0100 | 0001 483b | 024c 8bc2 

  0x00000201269d3748: ;   {metadata(method data for {method} {0x000002013b4766a0} 'defineClassSourceLocation' '(Ljava/security/ProtectionDomain;)Ljava/lang/String;' in 'java/lang/ClassLoader')}
  0x00000201269d3748: 48be c882 | 287c 0102 | 0000 4883 | 86e8 0100 

  0x00000201269d3758: ;   {metadata(method data for {method} {0x000002013b17ce78} 'toString' '()Ljava/lang/String;' in 'java/net/URL')}
  0x00000201269d3758: 0001 49b8 | 10e9 227c | 0102 0000 | 418b b0cc | 0000 0083 | c602 4189 | b0cc 0000 | 0081 e6fe 
  0x00000201269d3778: ff1f 0085 | f60f 8400 | 0200 004c 

  0x00000201269d3784: ;   {metadata(method data for {method} {0x000002013b17ce78} 'toString' '()Ljava/lang/String;' in 'java/net/URL')}
  0x00000201269d3784: 8bc2 48be | 10e9 227c | 0102 0000 | 4883 8618 | 0100 0001 

  0x00000201269d3798: ;   {metadata(method data for {method} {0x000002013b46f488} 'toExternalForm' '()Ljava/lang/String;' in 'java/net/URL')}
  0x00000201269d3798: 49b8 98ea | 227c 0102 | 0000 418b | b0cc 0000 | 0083 c602 | 4189 b0cc | 0000 0081 | e6fe ff1f 
  0x00000201269d37b8: 0085 f60f | 84e3 0100 | 008b 7238 

  0x00000201269d37c4: ; implicit exception: dispatches to 0x00000201269d39c5
  0x00000201269d37c4: 483b 064c 

  0x00000201269d37c8: ;   {metadata(method data for {method} {0x000002013b46f488} 'toExternalForm' '()Ljava/lang/String;' in 'java/net/URL')}
  0x00000201269d37c8: 8bc6 48bf | 98ea 227c | 0102 0000 | 458b 4008 | 49ba 0000 | 003b 0102 | 0000 4d03 | c24c 3b87 
  0x00000201269d37e8: 2001 0000 | 750d 4883 | 8728 0100 | 0001 e960 | 0000 004c | 3b87 3001 | 0000 750d | 4883 8738 
  0x00000201269d3808: 0100 0001 | e94a 0000 | 0048 83bf | 2001 0000 | 0075 174c | 8987 2001 | 0000 48c7 | 8728 0100 
  0x00000201269d3828: 0001 0000 | 00e9 2900 | 0000 4883 | bf30 0100 | 0000 7517 | 4c89 8730 | 0100 0048 | c787 3801 
  0x00000201269d3848: 0000 0100 | 0000 e908 | 0000 0048 | 8387 1801 | 0000 014c | 8bc2 488b | d666 0f1f 

  0x00000201269d3864: ;   {optimized virtual_call}
  0x00000201269d3864: 4400 00e8 

  0x00000201269d3868: ; ImmutableOopMap {[120]=Oop [128]=Oop [136]=Oop [152]=Oop }
                      ;*invokevirtual toExternalForm {reexecute=0 rethrow=0 return_oop=0}
                      ; - java.net.URL::toExternalForm@5 (line 1203)
                      ; - java.net.URL::toString@1 (line 1189)
                      ; - java.lang.ClassLoader::defineClassSourceLocation@22 (line 928)
                      ; - java.lang.ClassLoader::defineClass@12 (line 1025)
  0x00000201269d3868: 343c f8ff 

  0x00000201269d386c: ;   {other}
  0x00000201269d386c: 0f1f 8400 | 6404 0001 | 488b d848 | 8b84 2498 | 0000 008b | b424 9400 | 0000 8bbc | 2490 0000 
  0x00000201269d388c: 004c 8b8c | 2488 0000 | 004c 8b84 | 2480 0000 | 0048 8b54 

  0x00000201269d38a0: ;   {metadata(method data for {method} {0x000002013b4769b8} 'defineClass' '(Ljava/lang/String;[BIILjava/security/ProtectionDomain;)Ljava/lang/Class;' in 'java/lang/ClassLoader')}
  0x00000201269d38a0: 2478 48b9 | 6876 237c | 0102 0000 | 4883 8178 | 0100 0001 | 4c8b da49 | 8bd3 488b | c848 891c 
  0x00000201269d38c0: 2466 0f1f 

  0x00000201269d38c4: ;   {static_call}
  0x00000201269d38c4: 4400 00e8 

  0x00000201269d38c8: ; ImmutableOopMap {[120]=Oop [152]=Oop }
                      ;*invokestatic defineClass1 {reexecute=0 rethrow=0 return_oop=0}
                      ; - java.lang.ClassLoader::defineClass@27 (line 1026)
  0x00000201269d38c8: 64e9 9207 

  0x00000201269d38cc: ;   {other}
  0x00000201269d38cc: 0f1f 8400 | c404 0002 | 488b 5424 

  0x00000201269d38d8: ;   {metadata(method data for {method} {0x000002013b4769b8} 'defineClass' '(Ljava/lang/String;[BIILjava/security/ProtectionDomain;)Ljava/lang/Class;' in 'java/lang/ClassLoader')}
  0x00000201269d38d8: 7849 b868 | 7623 7c01 | 0200 0049 | 8380 8801 | 0000 014c | 8bc0 4c8b | 8c24 9800 | 0000 488b 
  0x00000201269d38f8: 5424 7848 | 8984 24a0 | 0000 000f 

  0x00000201269d3904: ;   {optimized virtual_call}
  0x00000201269d3904: 1f40 00e8 

  0x00000201269d3908: ; ImmutableOopMap {[160]=Oop }
                      ;*invokevirtual postDefineClass {reexecute=0 rethrow=0 return_oop=0}
                      ; - java.lang.ClassLoader::defineClass@37 (line 1027)
  0x00000201269d3908: 1456 feff 

  0x00000201269d390c: ;   {other}
  0x00000201269d390c: 0f1f 8400 | 0405 0003 | 488b 8424 | a000 0000 | 4881 c4b0 | 0000 005d 

  0x00000201269d3924: ;   {poll_return}
  0x00000201269d3924: 493b a748 | 0400 000f | 8799 0000 

  0x00000201269d3930: ;   {metadata({method} {0x000002013b4769b8} 'defineClass' '(Ljava/lang/String;[BIILjava/security/ProtectionDomain;)Ljava/lang/Class;' in 'java/lang/ClassLoader')}
  0x00000201269d3930: 00c3 49ba | b069 473b | 0102 0000 | 4c89 5424 | 0848 c704 | 24ff ffff 

  0x00000201269d3948: ;   {runtime_call counter_overflow Runtime1 stub}
  0x00000201269d3948: ffe8 9247 

  0x00000201269d394c: ; ImmutableOopMap {rdx=Oop r8=Oop r9=Oop rcx=Oop [120]=Oop }
                      ;*synchronization entry
                      ; - java.lang.ClassLoader::defineClass@-1 (line 1024)
  0x00000201269d394c: 4807 e997 

  0x00000201269d3950: ;   {metadata({method} {0x000002013b4766a0} 'defineClassSourceLocation' '(Ljava/security/ProtectionDomain;)Ljava/lang/String;' in 'java/lang/ClassLoader')}
  0x00000201269d3950: fcff ff49 | ba98 6647 | 3b01 0200 | 004c 8954 | 2408 48c7 | 0424 ffff 

  0x00000201269d3968: ;   {runtime_call counter_overflow Runtime1 stub}
  0x00000201269d3968: ffff e871 

  0x00000201269d396c: ; ImmutableOopMap {rax=Oop [120]=Oop [128]=Oop [136]=Oop [152]=Oop }
                      ;*synchronization entry
                      ; - java.lang.ClassLoader::defineClassSourceLocation@-1 (line 925)
                      ; - java.lang.ClassLoader::defineClass@12 (line 1025)
  0x00000201269d396c: 4748 07e9 | 10fd ffff 

  0x00000201269d3974: ;   {runtime_call throw_null_pointer_exception Runtime1 stub}
  0x00000201269d3974: e8e7 cd47 

  0x00000201269d3978: ; ImmutableOopMap {rax=Oop [120]=Oop [128]=Oop [136]=Oop [152]=Oop }
                      ;*invokevirtual getCodeSource {reexecute=0 rethrow=0 return_oop=0}
                      ; - java.lang.ClassLoader::defineClassSourceLocation@1 (line 925)
                      ; - java.lang.ClassLoader::defineClass@12 (line 1025)
                      ;   {runtime_call throw_null_pointer_exception Runtime1 stub}
  0x00000201269d3978: 07e8 e2cd 

  0x00000201269d397c: ; ImmutableOopMap {rax=Oop r8=Oop [120]=Oop [128]=Oop [136]=Oop [152]=Oop }
                      ;*invokevirtual getLocation {reexecute=0 rethrow=0 return_oop=0}
                      ; - java.lang.ClassLoader::defineClassSourceLocation@12 (line 927)
                      ; - java.lang.ClassLoader::defineClass@12 (line 1025)
                      ;   {runtime_call throw_null_pointer_exception Runtime1 stub}
  0x00000201269d397c: 4707 e8dd 

  0x00000201269d3980: ; ImmutableOopMap {rdx=Oop [120]=Oop [128]=Oop [136]=Oop [152]=Oop }
                      ;*invokevirtual toString {reexecute=0 rethrow=0 return_oop=0}
                      ; - java.lang.ClassLoader::defineClassSourceLocation@22 (line 928)
                      ; - java.lang.ClassLoader::defineClass@12 (line 1025)
                      ;   {metadata({method} {0x000002013b17ce78} 'toString' '()Ljava/lang/String;' in 'java/net/URL')}
  0x00000201269d3980: cd47 0749 | ba70 ce17 | 3b01 0200 | 004c 8954 | 2408 48c7 | 0424 ffff 

  0x00000201269d3998: ;   {runtime_call counter_overflow Runtime1 stub}
  0x00000201269d3998: ffff e841 

  0x00000201269d399c: ; ImmutableOopMap {rdx=Oop [120]=Oop [128]=Oop [136]=Oop [152]=Oop }
                      ;*synchronization entry
                      ; - java.net.URL::toString@-1 (line 1189)
                      ; - java.lang.ClassLoader::defineClassSourceLocation@22 (line 928)
                      ; - java.lang.ClassLoader::defineClass@12 (line 1025)
  0x00000201269d399c: 4748 07e9 | dffd ffff 

  0x00000201269d39a4: ;   {metadata({method} {0x000002013b46f488} 'toExternalForm' '()Ljava/lang/String;' in 'java/net/URL')}
  0x00000201269d39a4: 49ba 80f4 | 463b 0102 | 0000 4c89 | 5424 0848 | c704 24ff 

  0x00000201269d39b8: ;   {runtime_call counter_overflow Runtime1 stub}
  0x00000201269d39b8: ffff ffe8 

  0x00000201269d39bc: ; ImmutableOopMap {rdx=Oop [120]=Oop [128]=Oop [136]=Oop [152]=Oop }
                      ;*synchronization entry
                      ; - java.net.URL::toExternalForm@-1 (line 1203)
                      ; - java.net.URL::toString@1 (line 1189)
                      ; - java.lang.ClassLoader::defineClassSourceLocation@22 (line 928)
                      ; - java.lang.ClassLoader::defineClass@12 (line 1025)
  0x00000201269d39bc: 2047 4807 | e9fc fdff 

  0x00000201269d39c4: ;   {runtime_call throw_null_pointer_exception Runtime1 stub}
  0x00000201269d39c4: ffe8 96cd 

  0x00000201269d39c8: ; ImmutableOopMap {rdx=Oop rsi=Oop [120]=Oop [128]=Oop [136]=Oop [152]=Oop }
                      ;*invokevirtual toExternalForm {reexecute=0 rethrow=0 return_oop=0}
                      ; - java.net.URL::toExternalForm@5 (line 1203)
                      ; - java.net.URL::toString@1 (line 1189)
                      ; - java.lang.ClassLoader::defineClassSourceLocation@22 (line 928)
                      ; - java.lang.ClassLoader::defineClass@12 (line 1025)
                      ;   {internal_word}
  0x00000201269d39c8: 4707 49ba | 2439 9d26 | 0102 0000 | 4d89 9760 

  0x00000201269d39d8: ;   {runtime_call SafepointBlob}
  0x00000201269d39d8: 0400 00e9 | 001a 3c07 | 498b 8700 | 0500 0049 | c787 0005 | 0000 0000 | 0000 49c7 | 8708 0500 
  0x00000201269d39f8: 0000 0000 | 0048 81c4 | b000 0000 

  0x00000201269d3a04: ;   {runtime_call unwind_exception Runtime1 stub}
  0x00000201269d3a04: 5de9 56be | 4707 f4f4 | f4f4 f4f4 
[Stub Code]
  0x00000201269d3a10: ;   {no_reloc}
  0x00000201269d3a10: 0f1f 4400 

  0x00000201269d3a14: ;   {static_stub}
  0x00000201269d3a14: 0048 bb00 | 0000 0000 

  0x00000201269d3a1c: ;   {runtime_call nmethod}
  0x00000201269d3a1c: 0000 00e9 | fbff ffff 

  0x00000201269d3a24: ;   {static_stub}
  0x00000201269d3a24: 48bb 0000 | 0000 0000 

  0x00000201269d3a2c: ;   {runtime_call nmethod}
  0x00000201269d3a2c: 0000 e9fb 

  0x00000201269d3a30: ;   {static_stub}
  0x00000201269d3a30: ffff ff48 | bb00 0000 | 0000 0000 

  0x00000201269d3a3c: ;   {runtime_call nmethod}
  0x00000201269d3a3c: 00e9 fbff 

  0x00000201269d3a40: ;   {static_stub}
  0x00000201269d3a40: ffff 48bb | 0000 0000 | 0000 0000 

  0x00000201269d3a4c: ;   {runtime_call nmethod}
  0x00000201269d3a4c: e9fb ffff 

  0x00000201269d3a50: ;   {runtime_call handle_exception_from_callee Runtime1 stub}
  0x00000201269d3a50: ffe8 0af4 

  0x00000201269d3a54: ;   {external_word}
  0x00000201269d3a54: 4707 48b9 | 20d5 02f9 | fd7f 0000 | 4883 e4f0 

  0x00000201269d3a64: ;   {runtime_call}
  0x00000201269d3a64: 48b8 604a | c9f8 fd7f | 0000 ffd0 

  0x00000201269d3a70: ;   {section_word}
  0x00000201269d3a70: f449 ba71 | 3a9d 2601 | 0200 0041 

  0x00000201269d3a7c: ;   {runtime_call DeoptimizationBlob}
  0x00000201269d3a7c: 52e9 fe0b | 3c07 f4f4 | f4f4 f4f4 
[/MachCode]


Compiled method (c1) 4222 1126       3       java.security.SecureClassLoader::defineClass (16 bytes)
 total in heap  [0x0000020126962a88,0x0000020126962d70] = 744
 relocation     [0x0000020126962b60,0x0000020126962bb0] = 80
 main code      [0x0000020126962bc0,0x0000020126962d18] = 344
 stub code      [0x0000020126962d18,0x0000020126962d68] = 80
 metadata       [0x0000020126962d68,0x0000020126962d70] = 8
 immutable data [0x0000020100a0a110,0x0000020100a0a1b0] = 160
 dependencies   [0x0000020100a0a110,0x0000020100a0a118] = 8
 scopes pcs     [0x0000020100a0a118,0x0000020100a0a168] = 80
 scopes data    [0x0000020100a0a168,0x0000020100a0a1b0] = 72

[Constant Pool (empty)]

[MachCode]
[Instructions begin]
  0x0000020126962bc0: 6666 660f | 1f84 0000 | 0000 0066 | 6666 9066 | 6690 448b | 5208 443b 

  0x0000020126962bd8: ;   {runtime_call ic_miss_stub}
  0x0000020126962bd8: 5008 0f85 | 00b9 4207 
[Verified Entry Point]
  0x0000020126962be0: 8984 2400 | 80ff ff55 | 4883 ec70 | 4181 7f20 | 0100 0000 

  0x0000020126962bf4: ;   {runtime_call StubRoutines (final stubs)}
  0x0000020126962bf4: 7405 e845 

  0x0000020126962bf8: ;   {metadata(method data for {method} {0x000002013b1a04a0} 'defineClass' '(Ljava/lang/String;[BIILjava/security/CodeSource;)Ljava/lang/Class;' in 'java/security/SecureClassLoader')}
  0x0000020126962bf8: 4b41 0748 | bb88 7423 | 7c01 0200 | 008b 83cc | 0000 0083 | c002 8983 | cc00 0000 | 25fe 0700 
  0x0000020126962c18: 0085 c00f | 8496 0000 | 0089 7424 | 5c89 7c24 | 584c 894c | 2450 4c89 | 4424 4848 

  0x0000020126962c34: ;   {metadata(method data for {method} {0x000002013b1a04a0} 'defineClass' '(Ljava/lang/String;[BIILjava/security/CodeSource;)Ljava/lang/Class;' in 'java/security/SecureClassLoader')}
  0x0000020126962c34: 8bda 48b8 | 8874 237c | 0102 0000 | 4883 8018 | 0100 0001 | 4c8b c148 | 8bc2 488b | d048 8944 
  0x0000020126962c54: ;   {optimized virtual_call}
  0x0000020126962c54: 2440 90e8 

  0x0000020126962c58: ; ImmutableOopMap {[64]=Oop [72]=Oop [80]=Oop }
                      ;*invokevirtual getProtectionDomain {reexecute=0 rethrow=0 return_oop=0}
                      ; - java.security.SecureClassLoader::defineClass@9 (line 150)
  0x0000020126962c58: c4d6 ffff 

  0x0000020126962c5c: ;   {other}
  0x0000020126962c5c: 0f1f 8400 | d401 0000 | 488b 5424 

  0x0000020126962c68: ;   {metadata(method data for {method} {0x000002013b1a04a0} 'defineClass' '(Ljava/lang/String;[BIILjava/security/CodeSource;)Ljava/lang/Class;' in 'java/security/SecureClassLoader')}
  0x0000020126962c68: 4049 b888 | 7423 7c01 | 0200 0049 | 8380 4801 | 0000 014c | 8b44 2448 | 4c8b 4c24 | 508b 7c24 
  0x0000020126962c88: 588b 7424 | 5c48 8bc8 | 488b 5424 

  0x0000020126962c94: ;   {optimized virtual_call}
  0x0000020126962c94: 4066 90e8 

  0x0000020126962c98: ; ImmutableOopMap {}
                      ;*invokevirtual defineClass {reexecute=0 rethrow=0 return_oop=0}
                      ; - java.security.SecureClassLoader::defineClass@12 (line 150)
  0x0000020126962c98: 0409 0700 

  0x0000020126962c9c: ;   {other}
  0x0000020126962c9c: 0f1f 8400 | 1402 0001 | 4883 c470 

  0x0000020126962ca8: ;   {poll_return}
  0x0000020126962ca8: 5d49 3ba7 | 4804 0000 | 0f87 2200 

  0x0000020126962cb4: ;   {metadata({method} {0x000002013b1a04a0} 'defineClass' '(Ljava/lang/String;[BIILjava/security/CodeSource;)Ljava/lang/Class;' in 'java/security/SecureClassLoader')}
  0x0000020126962cb4: 0000 c349 | ba98 041a | 3b01 0200 | 004c 8954 | 2408 48c7 | 0424 ffff 

  0x0000020126962ccc: ;   {runtime_call counter_overflow Runtime1 stub}
  0x0000020126962ccc: ffff e80d 

  0x0000020126962cd0: ; ImmutableOopMap {rdx=Oop r8=Oop r9=Oop rcx=Oop }
                      ;*synchronization entry
                      ; - java.security.SecureClassLoader::defineClass@-1 (line 150)
  0x0000020126962cd0: 544f 07e9 | 49ff ffff 

  0x0000020126962cd8: ;   {internal_word}
  0x0000020126962cd8: 49ba a92c | 9626 0102 | 0000 4d89 | 9760 0400 

  0x0000020126962ce8: ;   {runtime_call SafepointBlob}
  0x0000020126962ce8: 00e9 f226 | 4307 498b | 8700 0500 | 0049 c787 | 0005 0000 | 0000 0000 | 49c7 8708 | 0500 0000 
  0x0000020126962d08: 0000 0048 | 83c4 705d 

  0x0000020126962d10: ;   {runtime_call unwind_exception Runtime1 stub}
  0x0000020126962d10: e94b cb4e | 07f4 f4f4 
[Stub Code]
  0x0000020126962d18: ;   {no_reloc}
  0x0000020126962d18: 48bb 0000 | 0000 0000 

  0x0000020126962d20: ;   {runtime_call nmethod}
  0x0000020126962d20: 0000 e9fb 

  0x0000020126962d24: ;   {static_stub}
  0x0000020126962d24: ffff ff48 | bbb0 6947 | 3b01 0200 

  0x0000020126962d30: ;   {runtime_call I2C/C2I adapters}
  0x0000020126962d30: 00e9 8e0c 

  0x0000020126962d34: ;   {runtime_call handle_exception_from_callee Runtime1 stub}
  0x0000020126962d34: 4207 e825 

  0x0000020126962d38: ;   {external_word}
  0x0000020126962d38: 014f 0748 | b920 d502 | f9fd 7f00 | 0048 83e4 

  0x0000020126962d48: ;   {runtime_call}
  0x0000020126962d48: f048 b860 | 4ac9 f8fd | 7f00 00ff 

  0x0000020126962d54: ;   {section_word}
  0x0000020126962d54: d0f4 49ba | 562d 9626 | 0102 0000 

  0x0000020126962d60: ;   {runtime_call DeoptimizationBlob}
  0x0000020126962d60: 4152 e919 | 1943 07f4 
[/MachCode]


---------------  P R O C E S S  ---------------

Threads class SMR info:
_java_thread_list=0x0000020109307660, length=13, elements={
0x000002011bf17ec0, 0x000002013ae48990, 0x000002013ae49a60, 0x000002013ae4db70,
0x000002013ae4e780, 0x000002013ae593b0, 0x000002013ae7d4d0, 0x000002013ae80420,
0x000002013ae81e70, 0x000002013ae1c5c0, 0x00000201002f6630, 0x00000201001e2d50,
0x0000020100bb0a40
}

Java Threads: ( => current thread )
=>0x000002011bf17ec0 JavaThread "main"                              [_thread_in_vm, id=2040, stack(0x00000059da800000,0x00000059da900000) (1024K)]
  0x000002013ae48990 JavaThread "Reference Handler"          daemon [_thread_blocked, id=15744, stack(0x00000059db000000,0x00000059db100000) (1024K)]
  0x000002013ae49a60 JavaThread "Finalizer"                  daemon [_thread_blocked, id=5496, stack(0x00000059db100000,0x00000059db200000) (1024K)]
  0x000002013ae4db70 JavaThread "Signal Dispatcher"          daemon [_thread_blocked, id=16288, stack(0x00000059db200000,0x00000059db300000) (1024K)]
  0x000002013ae4e780 JavaThread "Attach Listener"            daemon [_thread_blocked, id=4300, stack(0x00000059db300000,0x00000059db400000) (1024K)]
  0x000002013ae593b0 JavaThread "Service Thread"             daemon [_thread_blocked, id=13748, stack(0x00000059db400000,0x00000059db500000) (1024K)]
  0x000002013ae7d4d0 JavaThread "Monitor Deflation Thread"   daemon [_thread_blocked, id=13556, stack(0x00000059db500000,0x00000059db600000) (1024K)]
  0x000002013ae80420 JavaThread "C2 CompilerThread0"         daemon [_thread_blocked, id=12348, stack(0x00000059db600000,0x00000059db700000) (1024K)]
  0x000002013ae81e70 JavaThread "C1 CompilerThread0"         daemon [_thread_blocked, id=11124, stack(0x00000059db700000,0x00000059db800000) (1024K)]
  0x000002013ae1c5c0 JavaThread "Common-Cleaner"             daemon [_thread_blocked, id=1796, stack(0x00000059db800000,0x00000059db900000) (1024K)]
  0x00000201002f6630 JavaThread "Monitor Ctrl-Break"         daemon [_thread_in_native, id=3876, stack(0x00000059dba00000,0x00000059dbb00000) (1024K)]
  0x00000201001e2d50 JavaThread "Notification Thread"        daemon [_thread_blocked, id=1992, stack(0x00000059dbb00000,0x00000059dbc00000) (1024K)]
  0x0000020100bb0a40 JavaThread "mysql-cj-abandoned-connection-cleanup" daemon [_thread_blocked, id=3656, stack(0x00000059dc200000,0x00000059dc300000) (1024K)]
Total: 13

Other Threads:
  0x000002013ae2ea20 VMThread "VM Thread"                           [id=10776, stack(0x00000059daf00000,0x00000059db000000) (1024K)]
  0x000002013ae1b820 WatcherThread "VM Periodic Task Thread"        [id=4560, stack(0x00000059dae00000,0x00000059daf00000) (1024K)]
  0x000002011e12d730 WorkerThread "GC Thread#0"                     [id=3088, stack(0x00000059da900000,0x00000059daa00000) (1024K)]
  0x0000020100b1f230 WorkerThread "GC Thread#1"                     [id=2368, stack(0x00000059db900000,0x00000059dba00000) (1024K)]
  0x0000020100b1f5e0 WorkerThread "GC Thread#2"                     [id=12876, stack(0x00000059dbc00000,0x00000059dbd00000) (1024K)]
  0x0000020100b5cd30 WorkerThread "GC Thread#3"                     [id=3892, stack(0x00000059dbd00000,0x00000059dbe00000) (1024K)]
  0x0000020100b69ec0 WorkerThread "GC Thread#4"                     [id=4012, stack(0x00000059dbe00000,0x00000059dbf00000) (1024K)]
  0x0000020100b6aa80 WorkerThread "GC Thread#5"                     [id=7920, stack(0x00000059dbf00000,0x00000059dc000000) (1024K)]
  0x0000020100b6b240 WorkerThread "GC Thread#6"                     [id=4648, stack(0x00000059dc000000,0x00000059dc100000) (1024K)]
  0x0000020100b6ba70 WorkerThread "GC Thread#7"                     [id=9124, stack(0x00000059dc100000,0x00000059dc200000) (1024K)]
  0x000002011e142b30 ConcurrentGCThread "G1 Main Marker"            [id=13724, stack(0x00000059daa00000,0x00000059dab00000) (1024K)]
  0x000002011e144650 WorkerThread "G1 Conc#0"                       [id=16780, stack(0x00000059dab00000,0x00000059dac00000) (1024K)]
  0x000002013acf1160 ConcurrentGCThread "G1 Refine#0"               [id=2052, stack(0x00000059dac00000,0x00000059dad00000) (1024K)]
  0x000002013acf1ce0 ConcurrentGCThread "G1 Service"                [id=3372, stack(0x00000059dad00000,0x00000059dae00000) (1024K)]
Total: 14

Threads with active compile tasks:
Total: 0

VM state: not at safepoint (normal execution)

VM Mutex/Monitor currently owned by a thread:  ([mutex/lock_event])
[0x00007ffdf92d1890] Metaspace_lock - owner thread: 0x000002011bf17ec0

Heap address: 0x0000000082400000, size: 2012 MB, Compressed Oops mode: 32-bit

CDS archive(s) mapped at: [0x000002013b000000-0x000002013bd70000-0x000002013bd70000), size 14090240, SharedBaseAddress: 0x000002013b000000, ArchiveRelocationMode: 1.
Compressed class space mapped at: 0x000002013c000000-0x000002017c000000, reserved size: 1073741824
Narrow klass base: 0x000002013b000000, Narrow klass shift: 0, Narrow klass range: 0x41000000

GC Precious Log:
 CardTable entry size: 512
 Card Set container configuration: InlinePtr #cards 5 size 8 Array Of Cards #cards 10 size 36 Howl #buckets 4 coarsen threshold 1843 Howl Bitmap #cards 512 size 80 coarsen threshold 460 Card regions per heap region 1 cards per card region 2048
 CPUs: 8 total, 8 available
 Memory: 8041M
 Large Page Support: Disabled
 NUMA Support: Disabled
 Compressed Oops: Enabled (32-bit)
 Heap Region Size: 1M
 Heap Min Capacity: 8M
 Heap Initial Capacity: 126M
 Heap Max Capacity: 2012M
 Pre-touch: Disabled
 Parallel Workers: 8
 Concurrent Workers: 2
 Concurrent Refinement Workers: 8
 Periodic GC: Disabled

Heap:
 garbage-first heap   total reserved 2060288K, committed 129024K, used 23637K [0x0000000082400000, 0x0000000100000000)
  region size 1024K, 22 young (22528K), 3 survivors (3072K)
 Metaspace       used 12361K, committed 12608K, reserved 1114112K
  class space    used 1587K, committed 1728K, reserved 1048576K

Heap Regions: E=young(eden), S=young(survivor), O=old, HS=humongous(starts), HC=humongous(continues), CS=collection set, F=free, TAMS=top-at-mark-start, PB=parsable bottom
|   0|0x0000000082400000, 0x0000000082500000, 0x0000000082500000|100%|HS|  |TAMS 0x0000000082400000| PB 0x0000000082400000| Complete |  0
|   1|0x0000000082500000, 0x0000000082600000, 0x0000000082600000|100%| O|  |TAMS 0x0000000082500000| PB 0x0000000082500000| Untracked |  0
|   2|0x0000000082600000, 0x0000000082615540, 0x0000000082700000|  8%| O|  |TAMS 0x0000000082600000| PB 0x0000000082600000| Untracked |  0
|   3|0x0000000082700000, 0x0000000082700000, 0x0000000082800000|  0%| F|  |TAMS 0x0000000082700000| PB 0x0000000082700000| Untracked |  0
|   4|0x0000000082800000, 0x0000000082800000, 0x0000000082900000|  0%| F|  |TAMS 0x0000000082800000| PB 0x0000000082800000| Untracked |  0
|   5|0x0000000082900000, 0x0000000082900000, 0x0000000082a00000|  0%| F|  |TAMS 0x0000000082900000| PB 0x0000000082900000| Untracked |  0
|   6|0x0000000082a00000, 0x0000000082a00000, 0x0000000082b00000|  0%| F|  |TAMS 0x0000000082a00000| PB 0x0000000082a00000| Untracked |  0
|   7|0x0000000082b00000, 0x0000000082b00000, 0x0000000082c00000|  0%| F|  |TAMS 0x0000000082b00000| PB 0x0000000082b00000| Untracked |  0
|   8|0x0000000082c00000, 0x0000000082c00000, 0x0000000082d00000|  0%| F|  |TAMS 0x0000000082c00000| PB 0x0000000082c00000| Untracked |  0
|   9|0x0000000082d00000, 0x0000000082d00000, 0x0000000082e00000|  0%| F|  |TAMS 0x0000000082d00000| PB 0x0000000082d00000| Untracked |  0
|  10|0x0000000082e00000, 0x0000000082e00000, 0x0000000082f00000|  0%| F|  |TAMS 0x0000000082e00000| PB 0x0000000082e00000| Untracked |  0
|  11|0x0000000082f00000, 0x0000000082f00000, 0x0000000083000000|  0%| F|  |TAMS 0x0000000082f00000| PB 0x0000000082f00000| Untracked |  0
|  12|0x0000000083000000, 0x0000000083000000, 0x0000000083100000|  0%| F|  |TAMS 0x0000000083000000| PB 0x0000000083000000| Untracked |  0
|  13|0x0000000083100000, 0x0000000083100000, 0x0000000083200000|  0%| F|  |TAMS 0x0000000083100000| PB 0x0000000083100000| Untracked |  0
|  14|0x0000000083200000, 0x0000000083200000, 0x0000000083300000|  0%| F|  |TAMS 0x0000000083200000| PB 0x0000000083200000| Untracked |  0
|  15|0x0000000083300000, 0x0000000083300000, 0x0000000083400000|  0%| F|  |TAMS 0x0000000083300000| PB 0x0000000083300000| Untracked |  0
|  16|0x0000000083400000, 0x0000000083400000, 0x0000000083500000|  0%| F|  |TAMS 0x0000000083400000| PB 0x0000000083400000| Untracked |  0
|  17|0x0000000083500000, 0x0000000083500000, 0x0000000083600000|  0%| F|  |TAMS 0x0000000083500000| PB 0x0000000083500000| Untracked |  0
|  18|0x0000000083600000, 0x0000000083600000, 0x0000000083700000|  0%| F|  |TAMS 0x0000000083600000| PB 0x0000000083600000| Untracked |  0
|  19|0x0000000083700000, 0x0000000083700000, 0x0000000083800000|  0%| F|  |TAMS 0x0000000083700000| PB 0x0000000083700000| Untracked |  0
|  20|0x0000000083800000, 0x0000000083800000, 0x0000000083900000|  0%| F|  |TAMS 0x0000000083800000| PB 0x0000000083800000| Untracked |  0
|  21|0x0000000083900000, 0x0000000083900000, 0x0000000083a00000|  0%| F|  |TAMS 0x0000000083900000| PB 0x0000000083900000| Untracked |  0
|  22|0x0000000083a00000, 0x0000000083a00000, 0x0000000083b00000|  0%| F|  |TAMS 0x0000000083a00000| PB 0x0000000083a00000| Untracked |  0
|  23|0x0000000083b00000, 0x0000000083b00000, 0x0000000083c00000|  0%| F|  |TAMS 0x0000000083b00000| PB 0x0000000083b00000| Untracked |  0
|  24|0x0000000083c00000, 0x0000000083c00000, 0x0000000083d00000|  0%| F|  |TAMS 0x0000000083c00000| PB 0x0000000083c00000| Untracked |  0
|  25|0x0000000083d00000, 0x0000000083d00000, 0x0000000083e00000|  0%| F|  |TAMS 0x0000000083d00000| PB 0x0000000083d00000| Untracked |  0
|  26|0x0000000083e00000, 0x0000000083e00000, 0x0000000083f00000|  0%| F|  |TAMS 0x0000000083e00000| PB 0x0000000083e00000| Untracked |  0
|  27|0x0000000083f00000, 0x0000000083f00000, 0x0000000084000000|  0%| F|  |TAMS 0x0000000083f00000| PB 0x0000000083f00000| Untracked |  0
|  28|0x0000000084000000, 0x0000000084000000, 0x0000000084100000|  0%| F|  |TAMS 0x0000000084000000| PB 0x0000000084000000| Untracked |  0
|  29|0x0000000084100000, 0x0000000084100000, 0x0000000084200000|  0%| F|  |TAMS 0x0000000084100000| PB 0x0000000084100000| Untracked |  0
|  30|0x0000000084200000, 0x0000000084200000, 0x0000000084300000|  0%| F|  |TAMS 0x0000000084200000| PB 0x0000000084200000| Untracked |  0
|  31|0x0000000084300000, 0x0000000084300000, 0x0000000084400000|  0%| F|  |TAMS 0x0000000084300000| PB 0x0000000084300000| Untracked |  0
|  32|0x0000000084400000, 0x0000000084400000, 0x0000000084500000|  0%| F|  |TAMS 0x0000000084400000| PB 0x0000000084400000| Untracked |  0
|  33|0x0000000084500000, 0x0000000084500000, 0x0000000084600000|  0%| F|  |TAMS 0x0000000084500000| PB 0x0000000084500000| Untracked |  0
|  34|0x0000000084600000, 0x0000000084600000, 0x0000000084700000|  0%| F|  |TAMS 0x0000000084600000| PB 0x0000000084600000| Untracked |  0
|  35|0x0000000084700000, 0x0000000084700000, 0x0000000084800000|  0%| F|  |TAMS 0x0000000084700000| PB 0x0000000084700000| Untracked |  0
|  36|0x0000000084800000, 0x0000000084800000, 0x0000000084900000|  0%| F|  |TAMS 0x0000000084800000| PB 0x0000000084800000| Untracked |  0
|  37|0x0000000084900000, 0x0000000084900000, 0x0000000084a00000|  0%| F|  |TAMS 0x0000000084900000| PB 0x0000000084900000| Untracked |  0
|  38|0x0000000084a00000, 0x0000000084a00000, 0x0000000084b00000|  0%| F|  |TAMS 0x0000000084a00000| PB 0x0000000084a00000| Untracked |  0
|  39|0x0000000084b00000, 0x0000000084b00000, 0x0000000084c00000|  0%| F|  |TAMS 0x0000000084b00000| PB 0x0000000084b00000| Untracked |  0
|  40|0x0000000084c00000, 0x0000000084c00000, 0x0000000084d00000|  0%| F|  |TAMS 0x0000000084c00000| PB 0x0000000084c00000| Untracked |  0
|  41|0x0000000084d00000, 0x0000000084d00000, 0x0000000084e00000|  0%| F|  |TAMS 0x0000000084d00000| PB 0x0000000084d00000| Untracked |  0
|  42|0x0000000084e00000, 0x0000000084e00000, 0x0000000084f00000|  0%| F|  |TAMS 0x0000000084e00000| PB 0x0000000084e00000| Untracked |  0
|  43|0x0000000084f00000, 0x0000000084f00000, 0x0000000085000000|  0%| F|  |TAMS 0x0000000084f00000| PB 0x0000000084f00000| Untracked |  0
|  44|0x0000000085000000, 0x0000000085000000, 0x0000000085100000|  0%| F|  |TAMS 0x0000000085000000| PB 0x0000000085000000| Untracked |  0
|  45|0x0000000085100000, 0x0000000085100000, 0x0000000085200000|  0%| F|  |TAMS 0x0000000085100000| PB 0x0000000085100000| Untracked |  0
|  46|0x0000000085200000, 0x0000000085200000, 0x0000000085300000|  0%| F|  |TAMS 0x0000000085200000| PB 0x0000000085200000| Untracked |  0
|  47|0x0000000085300000, 0x0000000085300000, 0x0000000085400000|  0%| F|  |TAMS 0x0000000085300000| PB 0x0000000085300000| Untracked |  0
|  48|0x0000000085400000, 0x0000000085400000, 0x0000000085500000|  0%| F|  |TAMS 0x0000000085400000| PB 0x0000000085400000| Untracked |  0
|  49|0x0000000085500000, 0x0000000085500000, 0x0000000085600000|  0%| F|  |TAMS 0x0000000085500000| PB 0x0000000085500000| Untracked |  0
|  50|0x0000000085600000, 0x0000000085600000, 0x0000000085700000|  0%| F|  |TAMS 0x0000000085600000| PB 0x0000000085600000| Untracked |  0
|  51|0x0000000085700000, 0x0000000085700000, 0x0000000085800000|  0%| F|  |TAMS 0x0000000085700000| PB 0x0000000085700000| Untracked |  0
|  52|0x0000000085800000, 0x0000000085800000, 0x0000000085900000|  0%| F|  |TAMS 0x0000000085800000| PB 0x0000000085800000| Untracked |  0
|  53|0x0000000085900000, 0x0000000085900000, 0x0000000085a00000|  0%| F|  |TAMS 0x0000000085900000| PB 0x0000000085900000| Untracked |  0
|  54|0x0000000085a00000, 0x0000000085a00000, 0x0000000085b00000|  0%| F|  |TAMS 0x0000000085a00000| PB 0x0000000085a00000| Untracked |  0
|  55|0x0000000085b00000, 0x0000000085b00000, 0x0000000085c00000|  0%| F|  |TAMS 0x0000000085b00000| PB 0x0000000085b00000| Untracked |  0
|  56|0x0000000085c00000, 0x0000000085c00000, 0x0000000085d00000|  0%| F|  |TAMS 0x0000000085c00000| PB 0x0000000085c00000| Untracked |  0
|  57|0x0000000085d00000, 0x0000000085d00000, 0x0000000085e00000|  0%| F|  |TAMS 0x0000000085d00000| PB 0x0000000085d00000| Untracked |  0
|  58|0x0000000085e00000, 0x0000000085e00000, 0x0000000085f00000|  0%| F|  |TAMS 0x0000000085e00000| PB 0x0000000085e00000| Untracked |  0
|  59|0x0000000085f00000, 0x0000000085f00000, 0x0000000086000000|  0%| F|  |TAMS 0x0000000085f00000| PB 0x0000000085f00000| Untracked |  0
|  60|0x0000000086000000, 0x0000000086000000, 0x0000000086100000|  0%| F|  |TAMS 0x0000000086000000| PB 0x0000000086000000| Untracked |  0
|  61|0x0000000086100000, 0x0000000086100000, 0x0000000086200000|  0%| F|  |TAMS 0x0000000086100000| PB 0x0000000086100000| Untracked |  0
|  62|0x0000000086200000, 0x0000000086200000, 0x0000000086300000|  0%| F|  |TAMS 0x0000000086200000| PB 0x0000000086200000| Untracked |  0
|  63|0x0000000086300000, 0x0000000086300000, 0x0000000086400000|  0%| F|  |TAMS 0x0000000086300000| PB 0x0000000086300000| Untracked |  0
|  64|0x0000000086400000, 0x0000000086400000, 0x0000000086500000|  0%| F|  |TAMS 0x0000000086400000| PB 0x0000000086400000| Untracked |  0
|  65|0x0000000086500000, 0x0000000086500000, 0x0000000086600000|  0%| F|  |TAMS 0x0000000086500000| PB 0x0000000086500000| Untracked |  0
|  66|0x0000000086600000, 0x0000000086600000, 0x0000000086700000|  0%| F|  |TAMS 0x0000000086600000| PB 0x0000000086600000| Untracked |  0
|  67|0x0000000086700000, 0x0000000086700000, 0x0000000086800000|  0%| F|  |TAMS 0x0000000086700000| PB 0x0000000086700000| Untracked |  0
|  68|0x0000000086800000, 0x0000000086800000, 0x0000000086900000|  0%| F|  |TAMS 0x0000000086800000| PB 0x0000000086800000| Untracked |  0
|  69|0x0000000086900000, 0x0000000086900000, 0x0000000086a00000|  0%| F|  |TAMS 0x0000000086900000| PB 0x0000000086900000| Untracked |  0
|  70|0x0000000086a00000, 0x0000000086a00000, 0x0000000086b00000|  0%| F|  |TAMS 0x0000000086a00000| PB 0x0000000086a00000| Untracked |  0
|  71|0x0000000086b00000, 0x0000000086b00000, 0x0000000086c00000|  0%| F|  |TAMS 0x0000000086b00000| PB 0x0000000086b00000| Untracked |  0
|  72|0x0000000086c00000, 0x0000000086c00000, 0x0000000086d00000|  0%| F|  |TAMS 0x0000000086c00000| PB 0x0000000086c00000| Untracked |  0
|  73|0x0000000086d00000, 0x0000000086d00000, 0x0000000086e00000|  0%| F|  |TAMS 0x0000000086d00000| PB 0x0000000086d00000| Untracked |  0
|  74|0x0000000086e00000, 0x0000000086e00000, 0x0000000086f00000|  0%| F|  |TAMS 0x0000000086e00000| PB 0x0000000086e00000| Untracked |  0
|  75|0x0000000086f00000, 0x0000000086f00000, 0x0000000087000000|  0%| F|  |TAMS 0x0000000086f00000| PB 0x0000000086f00000| Untracked |  0
|  76|0x0000000087000000, 0x0000000087000000, 0x0000000087100000|  0%| F|  |TAMS 0x0000000087000000| PB 0x0000000087000000| Untracked |  0
|  77|0x0000000087100000, 0x0000000087100000, 0x0000000087200000|  0%| F|  |TAMS 0x0000000087100000| PB 0x0000000087100000| Untracked |  0
|  78|0x0000000087200000, 0x0000000087200000, 0x0000000087300000|  0%| F|  |TAMS 0x0000000087200000| PB 0x0000000087200000| Untracked |  0
|  79|0x0000000087300000, 0x0000000087300000, 0x0000000087400000|  0%| F|  |TAMS 0x0000000087300000| PB 0x0000000087300000| Untracked |  0
|  80|0x0000000087400000, 0x0000000087400000, 0x0000000087500000|  0%| F|  |TAMS 0x0000000087400000| PB 0x0000000087400000| Untracked |  0
|  81|0x0000000087500000, 0x0000000087500000, 0x0000000087600000|  0%| F|  |TAMS 0x0000000087500000| PB 0x0000000087500000| Untracked |  0
|  82|0x0000000087600000, 0x0000000087600000, 0x0000000087700000|  0%| F|  |TAMS 0x0000000087600000| PB 0x0000000087600000| Untracked |  0
|  83|0x0000000087700000, 0x0000000087700000, 0x0000000087800000|  0%| F|  |TAMS 0x0000000087700000| PB 0x0000000087700000| Untracked |  0
|  84|0x0000000087800000, 0x0000000087800000, 0x0000000087900000|  0%| F|  |TAMS 0x0000000087800000| PB 0x0000000087800000| Untracked |  0
|  85|0x0000000087900000, 0x0000000087900000, 0x0000000087a00000|  0%| F|  |TAMS 0x0000000087900000| PB 0x0000000087900000| Untracked |  0
|  86|0x0000000087a00000, 0x0000000087a00000, 0x0000000087b00000|  0%| F|  |TAMS 0x0000000087a00000| PB 0x0000000087a00000| Untracked |  0
|  87|0x0000000087b00000, 0x0000000087b00000, 0x0000000087c00000|  0%| F|  |TAMS 0x0000000087b00000| PB 0x0000000087b00000| Untracked |  0
|  88|0x0000000087c00000, 0x0000000087c00000, 0x0000000087d00000|  0%| F|  |TAMS 0x0000000087c00000| PB 0x0000000087c00000| Untracked |  0
|  89|0x0000000087d00000, 0x0000000087d00000, 0x0000000087e00000|  0%| F|  |TAMS 0x0000000087d00000| PB 0x0000000087d00000| Untracked |  0
|  90|0x0000000087e00000, 0x0000000087e00000, 0x0000000087f00000|  0%| F|  |TAMS 0x0000000087e00000| PB 0x0000000087e00000| Untracked |  0
|  91|0x0000000087f00000, 0x0000000087f00000, 0x0000000088000000|  0%| F|  |TAMS 0x0000000087f00000| PB 0x0000000087f00000| Untracked |  0
|  92|0x0000000088000000, 0x0000000088000000, 0x0000000088100000|  0%| F|  |TAMS 0x0000000088000000| PB 0x0000000088000000| Untracked |  0
|  93|0x0000000088100000, 0x0000000088100000, 0x0000000088200000|  0%| F|  |TAMS 0x0000000088100000| PB 0x0000000088100000| Untracked |  0
|  94|0x0000000088200000, 0x0000000088200000, 0x0000000088300000|  0%| F|  |TAMS 0x0000000088200000| PB 0x0000000088200000| Untracked |  0
|  95|0x0000000088300000, 0x0000000088300000, 0x0000000088400000|  0%| F|  |TAMS 0x0000000088300000| PB 0x0000000088300000| Untracked |  0
|  96|0x0000000088400000, 0x0000000088400000, 0x0000000088500000|  0%| F|  |TAMS 0x0000000088400000| PB 0x0000000088400000| Untracked |  0
|  97|0x0000000088500000, 0x0000000088500000, 0x0000000088600000|  0%| F|  |TAMS 0x0000000088500000| PB 0x0000000088500000| Untracked |  0
|  98|0x0000000088600000, 0x0000000088600000, 0x0000000088700000|  0%| F|  |TAMS 0x0000000088600000| PB 0x0000000088600000| Untracked |  0
|  99|0x0000000088700000, 0x0000000088800000, 0x0000000088800000|100%| S|CS|TAMS 0x0000000088700000| PB 0x0000000088700000| Complete |  0
| 100|0x0000000088800000, 0x0000000088900000, 0x0000000088900000|100%| S|CS|TAMS 0x0000000088800000| PB 0x0000000088800000| Complete |  0
| 101|0x0000000088900000, 0x0000000088a00000, 0x0000000088a00000|100%| S|CS|TAMS 0x0000000088900000| PB 0x0000000088900000| Complete |  0
| 102|0x0000000088a00000, 0x0000000088a00000, 0x0000000088b00000|  0%| F|  |TAMS 0x0000000088a00000| PB 0x0000000088a00000| Untracked |  0
| 103|0x0000000088b00000, 0x0000000088b00000, 0x0000000088c00000|  0%| F|  |TAMS 0x0000000088b00000| PB 0x0000000088b00000| Untracked |  0
| 104|0x0000000088c00000, 0x0000000088c00000, 0x0000000088d00000|  0%| F|  |TAMS 0x0000000088c00000| PB 0x0000000088c00000| Untracked |  0
| 105|0x0000000088d00000, 0x0000000088d00000, 0x0000000088e00000|  0%| F|  |TAMS 0x0000000088d00000| PB 0x0000000088d00000| Untracked |  0
| 106|0x0000000088e00000, 0x0000000088e00000, 0x0000000088f00000|  0%| F|  |TAMS 0x0000000088e00000| PB 0x0000000088e00000| Untracked |  0
| 107|0x0000000088f00000, 0x0000000088f67330, 0x0000000089000000| 40%| E|  |TAMS 0x0000000088f00000| PB 0x0000000088f00000| Complete |  0
| 108|0x0000000089000000, 0x0000000089100000, 0x0000000089100000|100%| E|CS|TAMS 0x0000000089000000| PB 0x0000000089000000| Complete |  0
| 109|0x0000000089100000, 0x0000000089200000, 0x0000000089200000|100%| E|CS|TAMS 0x0000000089100000| PB 0x0000000089100000| Complete |  0
| 110|0x0000000089200000, 0x0000000089300000, 0x0000000089300000|100%| E|CS|TAMS 0x0000000089200000| PB 0x0000000089200000| Complete |  0
| 111|0x0000000089300000, 0x0000000089400000, 0x0000000089400000|100%| E|CS|TAMS 0x0000000089300000| PB 0x0000000089300000| Complete |  0
| 112|0x0000000089400000, 0x0000000089500000, 0x0000000089500000|100%| E|CS|TAMS 0x0000000089400000| PB 0x0000000089400000| Complete |  0
| 113|0x0000000089500000, 0x0000000089600000, 0x0000000089600000|100%| E|CS|TAMS 0x0000000089500000| PB 0x0000000089500000| Complete |  0
| 114|0x0000000089600000, 0x0000000089700000, 0x0000000089700000|100%| E|CS|TAMS 0x0000000089600000| PB 0x0000000089600000| Complete |  0
| 115|0x0000000089700000, 0x0000000089800000, 0x0000000089800000|100%| E|CS|TAMS 0x0000000089700000| PB 0x0000000089700000| Complete |  0
| 116|0x0000000089800000, 0x0000000089900000, 0x0000000089900000|100%| E|CS|TAMS 0x0000000089800000| PB 0x0000000089800000| Complete |  0
| 117|0x0000000089900000, 0x0000000089a00000, 0x0000000089a00000|100%| E|CS|TAMS 0x0000000089900000| PB 0x0000000089900000| Complete |  0
| 118|0x0000000089a00000, 0x0000000089b00000, 0x0000000089b00000|100%| E|CS|TAMS 0x0000000089a00000| PB 0x0000000089a00000| Complete |  0
| 119|0x0000000089b00000, 0x0000000089c00000, 0x0000000089c00000|100%| E|CS|TAMS 0x0000000089b00000| PB 0x0000000089b00000| Complete |  0
| 120|0x0000000089c00000, 0x0000000089d00000, 0x0000000089d00000|100%| E|CS|TAMS 0x0000000089c00000| PB 0x0000000089c00000| Complete |  0
| 121|0x0000000089d00000, 0x0000000089e00000, 0x0000000089e00000|100%| E|CS|TAMS 0x0000000089d00000| PB 0x0000000089d00000| Complete |  0
| 122|0x0000000089e00000, 0x0000000089f00000, 0x0000000089f00000|100%| E|CS|TAMS 0x0000000089e00000| PB 0x0000000089e00000| Complete |  0
| 123|0x0000000089f00000, 0x000000008a000000, 0x000000008a000000|100%| E|CS|TAMS 0x0000000089f00000| PB 0x0000000089f00000| Complete |  0
| 124|0x000000008a000000, 0x000000008a100000, 0x000000008a100000|100%| E|CS|TAMS 0x000000008a000000| PB 0x000000008a000000| Complete |  0
| 125|0x000000008a100000, 0x000000008a200000, 0x000000008a200000|100%| E|CS|TAMS 0x000000008a100000| PB 0x000000008a100000| Complete |  0

Card table byte_map: [0x0000020136040000,0x0000020136430000] _byte_map_base: 0x0000020135c2e000

Marking Bits: (CMBitMap*) 0x000002011e12de40
 Bits: [0x0000020136430000, 0x00000201383a0000)

Polling page: 0x000002011d8a0000

Metaspace:

Usage:
  Non-class:     10.52 MB used.
      Class:      1.55 MB used.
       Both:     12.07 MB used.

Virtual space:
  Non-class space:       64.00 MB reserved,      10.62 MB ( 17%) committed,  1 nodes.
      Class space:        1.00 GB reserved,       1.69 MB ( <1%) committed,  1 nodes.
             Both:        1.06 GB reserved,      12.31 MB (  1%) committed. 

Chunk freelists:
   Non-Class:  5.05 MB
       Class:  14.27 MB
        Both:  19.31 MB

MaxMetaspaceSize: unlimited
CompressedClassSpaceSize: 1.00 GB
Initial GC threshold: 21.00 MB
Current GC threshold: 21.00 MB
CDS: on
 - commit_granule_bytes: 65536.
 - commit_granule_words: 8192.
 - virtual_space_node_default_size: 8388608.
 - enlarge_chunks_in_place: 1.
 - use_allocation_guard: 0.


Internal statistics:

num_allocs_failed_limit: 0.
num_arena_births: 216.
num_arena_deaths: 0.
num_vsnodes_births: 2.
num_vsnodes_deaths: 0.
num_space_committed: 197.
num_space_uncommitted: 0.
num_chunks_returned_to_freelist: 0.
num_chunks_taken_from_freelist: 581.
num_chunk_merges: 0.
num_chunk_splits: 408.
num_chunks_enlarged: 310.
num_inconsistent_stats: 0.

CodeHeap 'non-profiled nmethods': size=120064Kb used=578Kb max_used=578Kb free=119485Kb
 bounds [0x000002012e2d0000, 0x000002012e540000, 0x0000020135810000]
CodeHeap 'profiled nmethods': size=120000Kb used=2792Kb max_used=2792Kb free=117207Kb
 bounds [0x0000020126810000, 0x0000020126ad0000, 0x000002012dd40000]
CodeHeap 'non-nmethods': size=5696Kb used=1405Kb max_used=1430Kb free=4290Kb
 bounds [0x000002012dd40000, 0x000002012dfb0000, 0x000002012e2d0000]
CodeCache: size=245760Kb, used=4775Kb, max_used=4800Kb, free=240982Kb
 total_blobs=2556, nmethods=2046, adapters=415, full_count=0
Compilation: enabled, stopped_count=0, restarted_count=0

Compilation events (20 events):
Event: 3.919 Thread 0x000002013ae81e70 nmethod 2038 0x0000020126ac7108 code [0x0000020126ac7240, 0x0000020126ac7440]
Event: 3.971 Thread 0x000002013ae80420 nmethod 2037 0x000002012e35e788 code [0x000002012e35e920, 0x000002012e360208]
Event: 3.972 Thread 0x000002013ae80420 2040       4       java.lang.Object::<init> (1 bytes)
Event: 3.973 Thread 0x000002013ae80420 nmethod 2040 0x000002012e360288 code [0x000002012e360380, 0x000002012e360438]
Event: 3.974 Thread 0x000002013ae80420 2039       4       java.lang.StringConcatHelper::newString (67 bytes)
Event: 3.975 Thread 0x000002013ae81e70 2041       3       java.util.Collections::emptyList (4 bytes)
Event: 3.976 Thread 0x000002013ae81e70 nmethod 2041 0x0000020126ac7488 code [0x0000020126ac75a0, 0x0000020126ac7698]
Event: 3.976 Thread 0x000002013ae80420 nmethod 2039 0x000002012e360588 code [0x000002012e360680, 0x000002012e3607a0]
Event: 4.005 Thread 0x000002013ae81e70 2042  s    3       java.lang.Throwable::fillInStackTrace (29 bytes)
Event: 4.005 Thread 0x000002013ae81e70 nmethod 2042 0x0000020126ac7788 code [0x0000020126ac78c0, 0x0000020126ac7c40]
Event: 4.006 Thread 0x000002013ae81e70 2043       3       jdk.internal.loader.AbstractClassLoaderValue::extractValue (17 bytes)
Event: 4.007 Thread 0x000002013ae81e70 nmethod 2043 0x0000020126ac7c88 code [0x0000020126ac7dc0, 0x0000020126ac8100]
Event: 4.031 Thread 0x000002013ae81e70 2044       3       java.util.LinkedHashMap$LinkedValues::<init> (15 bytes)
Event: 4.032 Thread 0x000002013ae81e70 nmethod 2044 0x0000020126ac8188 code [0x0000020126ac82a0, 0x0000020126ac84c8]
Event: 4.038 Thread 0x000002013ae81e70 2045       3       java.util.jar.Attributes::putValue (13 bytes)
Event: 4.040 Thread 0x000002013ae81e70 nmethod 2045 0x0000020126ac8508 code [0x0000020126ac86a0, 0x0000020126ac8e78]
Event: 4.040 Thread 0x000002013ae81e70 2046       3       java.util.jar.Attributes$Name::of (28 bytes)
Event: 4.041 Thread 0x000002013ae81e70 nmethod 2046 0x0000020126ac8f08 code [0x0000020126ac9080, 0x0000020126ac95e0]
Event: 4.047 Thread 0x000002013ae81e70 2047       3       java.util.HashMap::getNode (150 bytes)
Event: 4.049 Thread 0x000002013ae81e70 nmethod 2047 0x0000020126ac9688 code [0x0000020126ac9840, 0x0000020126aca300]

GC Heap History (2 events):
Event: 2.348 GC heap before
{Heap before GC invocations=0 (full 0):
 garbage-first heap   total reserved 2060288K, committed 129024K, used 24576K [0x0000000082400000, 0x0000000100000000)
  region size 1024K, 24 young (24576K), 0 survivors (0K)
 Metaspace       used 7169K, committed 7424K, reserved 1114112K
  class space    used 860K, committed 960K, reserved 1048576K
}
Event: 2.372 GC heap after
{Heap after GC invocations=1 (full 0):
 garbage-first heap   total reserved 2060288K, committed 129024K, used 5205K [0x0000000082400000, 0x0000000100000000)
  region size 1024K, 3 young (3072K), 3 survivors (3072K)
 Metaspace       used 7169K, committed 7424K, reserved 1114112K
  class space    used 860K, committed 960K, reserved 1048576K
}

Dll operation events (11 events):
Event: 0.039 Loaded shared library C:\Users\ \.jdks\openjdk-23\bin\java.dll
Event: 0.171 Loaded shared library C:\Users\ \.jdks\openjdk-23\bin\jsvml.dll
Event: 0.453 Loaded shared library C:\Users\ \.jdks\openjdk-23\bin\zip.dll
Event: 0.467 Loaded shared library C:\Users\ \.jdks\openjdk-23\bin\instrument.dll
Event: 0.490 Loaded shared library C:\Users\ \.jdks\openjdk-23\bin\net.dll
Event: 0.498 Loaded shared library C:\Users\ \.jdks\openjdk-23\bin\nio.dll
Event: 0.533 Loaded shared library C:\Users\ \.jdks\openjdk-23\bin\zip.dll
Event: 0.757 Loaded shared library C:\Program Files\JetBrains\IntelliJ IDEA 2024.2.0.1\bin\breakgen64.dll
Event: 0.771 Loaded shared library C:\Users\ \.jdks\openjdk-23\bin\jimage.dll
Event: 0.797 Loaded shared library C:\Users\ \.jdks\openjdk-23\bin\extnet.dll
Event: 2.209 Loaded shared library C:\Users\ \.jdks\openjdk-23\bin\verify.dll

Deoptimization events (20 events):
Event: 3.656 Thread 0x000002011bf17ec0 Uncommon trap: trap_request=0xffffffbe fr.pc=0x000002012e35a73c relative=0x000000000000049c
Event: 3.656 Thread 0x000002011bf17ec0 Uncommon trap: reason=profile_predicate action=maybe_recompile pc=0x000002012e35a73c method=sun.net.www.ParseUtil.firstEncodeIndex(Ljava/lang/String;)I @ 9 c2
Event: 3.656 Thread 0x000002011bf17ec0 DEOPT PACKING pc=0x000002012e35a73c sp=0x00000059da8f8410
Event: 3.656 Thread 0x000002011bf17ec0 DEOPT UNPACKING pc=0x000002012dd94402 sp=0x00000059da8f8398 mode 2
Event: 3.656 Thread 0x000002011bf17ec0 Uncommon trap: trap_request=0xffffffbe fr.pc=0x000002012e35a73c relative=0x000000000000049c
Event: 3.656 Thread 0x000002011bf17ec0 Uncommon trap: reason=profile_predicate action=maybe_recompile pc=0x000002012e35a73c method=sun.net.www.ParseUtil.firstEncodeIndex(Ljava/lang/String;)I @ 9 c2
Event: 3.656 Thread 0x000002011bf17ec0 DEOPT PACKING pc=0x000002012e35a73c sp=0x00000059da8f8380
Event: 3.656 Thread 0x000002011bf17ec0 DEOPT UNPACKING pc=0x000002012dd94402 sp=0x00000059da8f8308 mode 2
Event: 3.774 Thread 0x000002011bf17ec0 Uncommon trap: trap_request=0xffffffc6 fr.pc=0x000002012e349f8c relative=0x000000000000032c
Event: 3.774 Thread 0x000002011bf17ec0 Uncommon trap: reason=bimorphic_or_optimized_type_check action=maybe_recompile pc=0x000002012e349f8c method=java.util.HashMap.getNode(Ljava/lang/Object;)Ljava/util/HashMap$Node; @ 128 c2
Event: 3.774 Thread 0x000002011bf17ec0 DEOPT PACKING pc=0x000002012e349f8c sp=0x00000059da8fcc30
Event: 3.774 Thread 0x000002011bf17ec0 DEOPT UNPACKING pc=0x000002012dd94402 sp=0x00000059da8fcba8 mode 2
Event: 4.031 Thread 0x000002011bf17ec0 Uncommon trap: trap_request=0xffffffc6 fr.pc=0x000002012e349f8c relative=0x000000000000032c
Event: 4.031 Thread 0x000002011bf17ec0 Uncommon trap: reason=bimorphic_or_optimized_type_check action=maybe_recompile pc=0x000002012e349f8c method=java.util.HashMap.getNode(Ljava/lang/Object;)Ljava/util/HashMap$Node; @ 128 c2
Event: 4.031 Thread 0x000002011bf17ec0 DEOPT PACKING pc=0x000002012e349f8c sp=0x00000059da8fdee0
Event: 4.031 Thread 0x000002011bf17ec0 DEOPT UNPACKING pc=0x000002012dd94402 sp=0x00000059da8fde58 mode 2
Event: 4.031 Thread 0x000002011bf17ec0 Uncommon trap: trap_request=0xffffffc6 fr.pc=0x000002012e349f8c relative=0x000000000000032c
Event: 4.031 Thread 0x000002011bf17ec0 Uncommon trap: reason=bimorphic_or_optimized_type_check action=maybe_recompile pc=0x000002012e349f8c method=java.util.HashMap.getNode(Ljava/lang/Object;)Ljava/util/HashMap$Node; @ 128 c2
Event: 4.031 Thread 0x000002011bf17ec0 DEOPT PACKING pc=0x000002012e349f8c sp=0x00000059da8fdee0
Event: 4.031 Thread 0x000002011bf17ec0 DEOPT UNPACKING pc=0x000002012dd94402 sp=0x00000059da8fde58 mode 2

Classes loaded (20 events):
Event: 3.246 Loading class java/util/Formatter$DateTime
Event: 3.246 Loading class java/util/Formatter$DateTime done
Event: 3.247 Loading class java/time/ZonedDateTime$1
Event: 3.247 Loading class java/time/ZonedDateTime$1 done
Event: 3.254 Loading class sun/util/resources/LocaleData$CommonResourceBundleProvider
Event: 3.254 Loading class sun/util/resources/LocaleData$LocaleDataResourceBundleProvider
Event: 3.254 Loading class java/util/spi/ResourceBundleProvider
Event: 3.254 Loading class java/util/spi/ResourceBundleProvider done
Event: 3.254 Loading class sun/util/resources/LocaleData$LocaleDataResourceBundleProvider done
Event: 3.254 Loading class sun/util/resources/LocaleData$CommonResourceBundleProvider done
Event: 3.256 Loading class sun/util/resources/Bundles$2
Event: 3.256 Loading class sun/util/resources/Bundles$2 done
Event: 3.340 Loading class java/lang/Process
Event: 3.340 Loading class java/lang/Process done
Event: 3.391 Loading class java/lang/reflect/GenericSignatureFormatError
Event: 3.392 Loading class java/lang/reflect/GenericSignatureFormatError done
Event: 3.426 Loading class java/lang/reflect/AnnotatedType
Event: 3.426 Loading class java/lang/reflect/AnnotatedType done
Event: 3.505 Loading class java/io/Console
Event: 3.506 Loading class java/io/Console done

Classes unloaded (0 events):
No events

Classes redefined (0 events):
No events

Internal exceptions (20 events):
Event: 2.530 Thread 0x000002011bf17ec0 Exception <a 'java/lang/ClassNotFoundException'{0x000000008a0ad768}: org/springframework/core/OrderedBeanInfo> (0x000000008a0ad768) 
thrown [s\open\src\hotspot\share\classfile\systemDictionary.cpp, line 313]
Event: 2.531 Thread 0x000002011bf17ec0 Exception <a 'java/lang/ClassNotFoundException'{0x000000008a0afbe8}: org/springframework/core/OrderedCustomizer> (0x000000008a0afbe8) 
thrown [s\open\src\hotspot\share\classfile\systemDictionary.cpp, line 313]
Event: 2.533 Thread 0x000002011bf17ec0 Exception <a 'java/lang/ClassNotFoundException'{0x000000008a0b3320}: org/springframework/beans/factory/BeanClassLoaderAwareBeanInfo> (0x000000008a0b3320) 
thrown [s\open\src\hotspot\share\classfile\systemDictionary.cpp, line 313]
Event: 2.534 Thread 0x000002011bf17ec0 Exception <a 'java/lang/ClassNotFoundException'{0x000000008a0b5a60}: org/springframework/beans/factory/BeanClassLoaderAwareCustomizer> (0x000000008a0b5a60) 
thrown [s\open\src\hotspot\share\classfile\systemDictionary.cpp, line 313]
Event: 2.536 Thread 0x000002011bf17ec0 Exception <a 'java/lang/ClassNotFoundException'{0x000000008a0b9590}: org/springframework/aop/framework/AopInfrastructureBeanBeanInfo> (0x000000008a0b9590) 
thrown [s\open\src\hotspot\share\classfile\systemDictionary.cpp, line 313]
Event: 2.537 Thread 0x000002011bf17ec0 Exception <a 'java/lang/ClassNotFoundException'{0x000000008a0bbd68}: org/springframework/aop/framework/AopInfrastructureBeanCustomizer> (0x000000008a0bbd68) 
thrown [s\open\src\hotspot\share\classfile\systemDictionary.cpp, line 313]
Event: 2.552 Thread 0x000002011bf17ec0 Exception <a 'java/lang/NoSuchMethodError'{0x000000008a0d9500}: 'void java.lang.invoke.DirectMethodHandle$Holder.invokeVirtual(java.lang.Object, java.lang.Object, int)'> (0x000000008a0d9500) 
thrown [s\open\src\hotspot\share\interpreter\linkResolver.cpp, line 796]
Event: 2.555 Thread 0x000002011bf17ec0 Exception <a 'java/lang/NoSuchMethodError'{0x000000008a0e0438}: 'void java.lang.invoke.DelegatingMethodHandle$Holder.reinvoke_L(java.lang.Object, java.lang.Object, int)'> (0x000000008a0e0438) 
thrown [s\open\src\hotspot\share\interpreter\linkResolver.cpp, line 796]
Event: 2.612 Thread 0x000002011bf17ec0 Exception <a 'java/lang/NoSuchMethodError'{0x0000000089f44598}: 'void java.lang.invoke.Invokers$Holder.invokeExact_MT(java.lang.Object, java.lang.Object, java.lang.Object, java.lang.Object)'> (0x0000000089f44598) 
thrown [s\open\src\hotspot\share\interpreter\linkResolver.cpp, line 796]
Event: 2.626 Thread 0x000002011bf17ec0 Exception <a 'java/lang/NoSuchMethodError'{0x0000000089f58990}: 'void java.lang.invoke.DirectMethodHandle$Holder.invokeSpecial(java.lang.Object, java.lang.Object, java.lang.Object, java.lang.Object, java.lang.Object, java.lang.Object)'> (0x0000000089f58990) 
thrown [s\open\src\hotspot\share\interpreter\linkResolver.cpp, line 796]
Event: 2.648 Thread 0x000002011bf17ec0 Exception <a 'java/lang/ClassNotFoundException'{0x0000000089f7c428}: org/springframework/transaction/annotation/ProxyTransactionManagementConfigurationBeanInfo> (0x0000000089f7c428) 
thrown [s\open\src\hotspot\share\classfile\systemDictionary.cpp, line 313]
Event: 2.649 Thread 0x000002011bf17ec0 Exception <a 'java/lang/ClassNotFoundException'{0x0000000089f7ef48}: org/springframework/transaction/annotation/AbstractTransactionManagementConfigurationBeanInfo> (0x0000000089f7ef48) 
thrown [s\open\src\hotspot\share\classfile\systemDictionary.cpp, line 313]
Event: 2.650 Thread 0x000002011bf17ec0 Exception <a 'java/lang/ClassNotFoundException'{0x0000000089f81a80}: org/springframework/transaction/annotation/AbstractTransactionManagementConfigurationCustomizer> (0x0000000089f81a80) 
thrown [s\open\src\hotspot\share\classfile\systemDictionary.cpp, line 313]
Event: 2.653 Thread 0x000002011bf17ec0 Exception <a 'java/lang/ClassNotFoundException'{0x0000000089f875a0}: org/springframework/transaction/annotation/ProxyTransactionManagementConfigurationCustomizer> (0x0000000089f875a0) 
thrown [s\open\src\hotspot\share\classfile\systemDictionary.cpp, line 313]
Event: 2.657 Thread 0x000002011bf17ec0 Exception <a 'java/lang/ClassNotFoundException'{0x0000000089f8e820}: org/springframework/context/annotation/ImportAwareBeanInfo> (0x0000000089f8e820) 
thrown [s\open\src\hotspot\share\classfile\systemDictionary.cpp, line 313]
Event: 2.658 Thread 0x000002011bf17ec0 Exception <a 'java/lang/ClassNotFoundException'{0x0000000089f90ef8}: org/springframework/context/annotation/ImportAwareCustomizer> (0x0000000089f90ef8) 
thrown [s\open\src\hotspot\share\classfile\systemDictionary.cpp, line 313]
Event: 2.707 Thread 0x000002011bf17ec0 Exception <a 'java/lang/NoSuchMethodError'{0x0000000089fe2cb8}: 'int java.lang.invoke.Invokers$Holder.invokeExact_MT(java.lang.Object, java.lang.Object)'> (0x0000000089fe2cb8) 
thrown [s\open\src\hotspot\share\interpreter\linkResolver.cpp, line 796]
Event: 2.761 Thread 0x000002011bf17ec0 Exception <a 'java/lang/NoSuchMethodError'{0x0000000089e43170}: 'java.lang.Object java.lang.invoke.DirectMethodHandle$Holder.invokeVirtual(java.lang.Object, java.lang.Object, java.lang.Object, java.lang.Object)'> (0x0000000089e43170) 
thrown [s\open\src\hotspot\share\interpreter\linkResolver.cpp, line 796]
Event: 3.028 Thread 0x000002011bf17ec0 Exception <a 'java/lang/NoSuchMethodError'{0x0000000089cf3a50}: 'java.lang.ClassLoader java.lang.Class.getClassLoader(java.lang.Class)'> (0x0000000089cf3a50) 
thrown [s\open\src\hotspot\share\interpreter\linkResolver.cpp, line 796]
Event: 3.722 Thread 0x000002011bf17ec0 Exception <a 'java/lang/NoSuchMethodError'{0x00000000894ae9f8}: 'int java.lang.invoke.DirectMethodHandle$Holder.invokeVirtual(java.lang.Object, java.lang.Object)'> (0x00000000894ae9f8) 
thrown [s\open\src\hotspot\share\interpreter\linkResolver.cpp, line 796]

VM Operations (20 events):
Event: 1.976 Executing VM operation: HandshakeAllThreads (Deoptimize)
Event: 1.976 Executing VM operation: HandshakeAllThreads (Deoptimize) done
Event: 2.070 Executing VM operation: HandshakeAllThreads (Deoptimize)
Event: 2.070 Executing VM operation: HandshakeAllThreads (Deoptimize) done
Event: 2.152 Executing VM operation: HandshakeAllThreads (Deoptimize)
Event: 2.152 Executing VM operation: HandshakeAllThreads (Deoptimize) done
Event: 2.221 Executing VM operation: HandshakeAllThreads (Deoptimize)
Event: 2.221 Executing VM operation: HandshakeAllThreads (Deoptimize) done
Event: 2.273 Executing VM operation: HandshakeAllThreads (Deoptimize)
Event: 2.273 Executing VM operation: HandshakeAllThreads (Deoptimize) done
Event: 2.340 Executing VM operation: HandshakeAllThreads (Deoptimize)
Event: 2.340 Executing VM operation: HandshakeAllThreads (Deoptimize) done
Event: 2.346 Executing VM operation: HandshakeAllThreads (Deoptimize)
Event: 2.346 Executing VM operation: HandshakeAllThreads (Deoptimize) done
Event: 2.348 Executing VM operation: G1CollectForAllocation (G1 Evacuation Pause)
Event: 2.372 Executing VM operation: G1CollectForAllocation (G1 Evacuation Pause) done
Event: 2.899 Executing VM operation: HandshakeAllThreads (Deoptimize)
Event: 2.900 Executing VM operation: HandshakeAllThreads (Deoptimize) done
Event: 3.915 Executing VM operation: HandshakeAllThreads (Deoptimize)
Event: 3.915 Executing VM operation: HandshakeAllThreads (Deoptimize) done

Memory protections (0 events):
No events

Nmethod flushes (0 events):
No events

Events (19 events):
Event: 0.099 Thread 0x000002011bf17ec0 Thread added: 0x000002011bf17ec0
Event: 0.159 Thread 0x000002011bf17ec0 Thread added: 0x000002013ae48990
Event: 0.160 Thread 0x000002011bf17ec0 Thread added: 0x000002013ae49a60
Event: 0.161 Thread 0x000002011bf17ec0 Thread added: 0x000002013ae4db70
Event: 0.162 Thread 0x000002011bf17ec0 Thread added: 0x000002013ae4e780
Event: 0.162 Thread 0x000002011bf17ec0 Thread added: 0x000002013ae593b0
Event: 0.162 Thread 0x000002011bf17ec0 Thread added: 0x000002013ae7d4d0
Event: 0.163 Thread 0x000002011bf17ec0 Thread added: 0x000002013ae80420
Event: 0.163 Thread 0x000002011bf17ec0 Thread added: 0x000002013ae81e70
Event: 0.348 Thread 0x000002011bf17ec0 Thread added: 0x000002013ae1c5c0
Event: 0.472 Thread 0x000002013ae81e70 Thread added: 0x000002013ae817a0
Event: 0.760 Thread 0x000002011bf17ec0 Thread added: 0x00000201002f6630
Event: 0.760 Thread 0x000002011bf17ec0 Thread added: 0x00000201001e2d50
Event: 0.869 Thread 0x000002013ae817a0 Thread exited: 0x000002013ae817a0
Event: 1.315 Thread 0x000002013ae81e70 Thread added: 0x000002013ae82540
Event: 1.626 Thread 0x000002013ae82540 Thread exited: 0x000002013ae82540
Event: 2.900 Thread 0x000002011bf17ec0 Thread added: 0x0000020100bb0a40
Event: 3.249 Thread 0x000002013ae81e70 Thread added: 0x000002013ae82540
Event: 3.440 Thread 0x000002013ae82540 Thread exited: 0x000002013ae82540


Dynamic libraries:
0x00007ff6b2390000 - 0x00007ff6b239e000 	C:\Users\ \.jdks\openjdk-23\bin\java.exe
0x00007ffe3d150000 - 0x00007ffe3d348000 	C:\WINDOWS\SYSTEM32\ntdll.dll
0x00007ffe3c2a0000 - 0x00007ffe3c361000 	C:\WINDOWS\System32\KERNEL32.DLL
0x00007ffe3ae30000 - 0x00007ffe3b12d000 	C:\WINDOWS\System32\KERNELBASE.dll
0x00007ffe3ac40000 - 0x00007ffe3ad40000 	C:\WINDOWS\System32\ucrtbase.dll
0x00007ffe33ec0000 - 0x00007ffe33ed7000 	C:\Users\ \.jdks\openjdk-23\bin\jli.dll
0x00007ffe35fe0000 - 0x00007ffe35ffb000 	C:\Users\ \.jdks\openjdk-23\bin\VCRUNTIME140.dll
0x00007ffe3cc20000 - 0x00007ffe3cdbd000 	C:\WINDOWS\System32\USER32.dll
0x00007ffe39450000 - 0x00007ffe396ea000 	C:\WINDOWS\WinSxS\amd64_microsoft.windows.common-controls_6595b64144ccf1df_6.0.19041.4355_none_60b8b9eb71f62e16\COMCTL32.dll
0x00007ffe3ae00000 - 0x00007ffe3ae22000 	C:\WINDOWS\System32\win32u.dll
0x00007ffe3cdc0000 - 0x00007ffe3ce5e000 	C:\WINDOWS\System32\msvcrt.dll
0x00007ffe3cec0000 - 0x00007ffe3ceeb000 	C:\WINDOWS\System32\GDI32.dll
0x00007ffe3aa00000 - 0x00007ffe3ab17000 	C:\WINDOWS\System32\gdi32full.dll
0x00007ffe3a960000 - 0x00007ffe3a9fd000 	C:\WINDOWS\System32\msvcp_win.dll
0x00007ffe3bdf0000 - 0x00007ffe3be1f000 	C:\WINDOWS\System32\IMM32.DLL
0x00007ffe361c0000 - 0x00007ffe361cc000 	C:\Users\ \.jdks\openjdk-23\bin\vcruntime140_1.dll
0x00007ffe11d70000 - 0x00007ffe11dfe000 	C:\Users\ \.jdks\openjdk-23\bin\msvcp140.dll
0x00007ffdf8660000 - 0x00007ffdf93af000 	C:\Users\ \.jdks\openjdk-23\bin\server\jvm.dll
0x00007ffe3b540000 - 0x00007ffe3b5f0000 	C:\WINDOWS\System32\ADVAPI32.dll
0x00007ffe3bd50000 - 0x00007ffe3bdf0000 	C:\WINDOWS\System32\sechost.dll
0x00007ffe3b7c0000 - 0x00007ffe3b8e3000 	C:\WINDOWS\System32\RPCRT4.dll
0x00007ffe3ad40000 - 0x00007ffe3ad67000 	C:\WINDOWS\System32\bcrypt.dll
0x00007ffe3b8f0000 - 0x00007ffe3b95b000 	C:\WINDOWS\System32\WS2_32.dll
0x00007ffe3a280000 - 0x00007ffe3a2cb000 	C:\WINDOWS\SYSTEM32\POWRPROF.dll
0x00007ffe30800000 - 0x00007ffe3080a000 	C:\WINDOWS\SYSTEM32\VERSION.dll
0x00007ffe38c70000 - 0x00007ffe38c97000 	C:\WINDOWS\SYSTEM32\WINMM.dll
0x00007ffe3a230000 - 0x00007ffe3a242000 	C:\WINDOWS\SYSTEM32\UMPDC.dll
0x00007ffe38560000 - 0x00007ffe38572000 	C:\WINDOWS\SYSTEM32\kernel.appcore.dll
0x00007ffe361a0000 - 0x00007ffe361aa000 	C:\Users\ \.jdks\openjdk-23\bin\jimage.dll
0x00007ffe381f0000 - 0x00007ffe383d4000 	C:\WINDOWS\SYSTEM32\DBGHELP.DLL
0x00007ffe230c0000 - 0x00007ffe230f4000 	C:\WINDOWS\SYSTEM32\dbgcore.DLL
0x00007ffe3ad70000 - 0x00007ffe3adf2000 	C:\WINDOWS\System32\bcryptPrimitives.dll
0x00007ffe34000000 - 0x00007ffe3400f000 	C:\Users\ \.jdks\openjdk-23\bin\instrument.dll
0x00007ffe33cf0000 - 0x00007ffe33d0e000 	C:\Users\ \.jdks\openjdk-23\bin\java.dll
0x00007ffe3b200000 - 0x00007ffe3b32b000 	C:\WINDOWS\System32\ole32.dll
0x00007ffe3b9f0000 - 0x00007ffe3bd43000 	C:\WINDOWS\System32\combase.dll
0x00007ffe3c4b0000 - 0x00007ffe3cc1f000 	C:\WINDOWS\System32\SHELL32.dll
0x00007ffe38ca0000 - 0x00007ffe39443000 	C:\WINDOWS\SYSTEM32\windows.storage.dll
0x00007ffe3a1c0000 - 0x00007ffe3a1ee000 	C:\WINDOWS\SYSTEM32\Wldp.dll
0x00007ffe3c3e0000 - 0x00007ffe3c4ad000 	C:\WINDOWS\System32\OLEAUT32.dll
0x00007ffe3b5f0000 - 0x00007ffe3b69d000 	C:\WINDOWS\System32\SHCORE.dll
0x00007ffe3ce60000 - 0x00007ffe3ceb5000 	C:\WINDOWS\System32\shlwapi.dll
0x00007ffe3a730000 - 0x00007ffe3a754000 	C:\WINDOWS\SYSTEM32\profapi.dll
0x00007ffe00b20000 - 0x00007ffe00bf7000 	C:\Users\ \.jdks\openjdk-23\bin\jsvml.dll
0x00007ffe33b90000 - 0x00007ffe33ba7000 	C:\Users\ \.jdks\openjdk-23\bin\zip.dll
0x00007ffe36140000 - 0x00007ffe36150000 	C:\Users\ \.jdks\openjdk-23\bin\net.dll
0x00007ffe39ec0000 - 0x00007ffe39f2a000 	C:\WINDOWS\system32\mswsock.dll
0x00007ffe33c40000 - 0x00007ffe33c56000 	C:\Users\ \.jdks\openjdk-23\bin\nio.dll
0x00007ffe21ff0000 - 0x00007ffe2200a000 	C:\Program Files\JetBrains\IntelliJ IDEA 2024.2.0.1\bin\breakgen64.dll
0x00007ffe33eb0000 - 0x00007ffe33eb9000 	C:\Users\ \.jdks\openjdk-23\bin\extnet.dll
0x00007ffe33c10000 - 0x00007ffe33c20000 	C:\Users\ \.jdks\openjdk-23\bin\verify.dll

dbghelp: loaded successfully - version: 4.0.5 - missing functions: none
symbol engine: initialized successfully - sym options: 0x614 - pdb path: .;C:\Users\ \.jdks\openjdk-23\bin;C:\WINDOWS\SYSTEM32;C:\WINDOWS\WinSxS\amd64_microsoft.windows.common-controls_6595b64144ccf1df_6.0.19041.4355_none_60b8b9eb71f62e16;C:\Users\ \.jdks\openjdk-23\bin\server;C:\Program Files\JetBrains\IntelliJ IDEA 2024.2.0.1\bin

VM Arguments:
jvm_args: -javaagent:C:\Program Files\JetBrains\IntelliJ IDEA 2024.2.0.1\lib\idea_rt.jar=63245:C:\Program Files\JetBrains\IntelliJ IDEA 2024.2.0.1\bin -Dfile.encoding=UTF-8 -Dsun.stdout.encoding=UTF-8 -Dsun.stderr.encoding=UTF-8 
java_command: hiber.MainApp
java_class_path (initial): C:\Users\ \IdeaProjects\PP_2_2_1_spring_hibernate3\2.2.1. spring_hibernate\target\classes;C:\Users\ \.m2\repository\org\springframework\spring-context\5.3.14\spring-context-5.3.14.jar;C:\Users\ \.m2\repository\org\springframework\spring-aop\5.3.14\spring-aop-5.3.14.jar;C:\Users\ \.m2\repository\org\springframework\spring-beans\5.3.14\spring-beans-5.3.14.jar;C:\Users\ \.m2\repository\org\springframework\spring-core\5.3.14\spring-core-5.3.14.jar;C:\Users\ \.m2\repository\org\springframework\spring-jcl\5.3.14\spring-jcl-5.3.14.jar;C:\Users\ \.m2\repository\org\springframework\spring-expression\5.3.14\spring-expression-5.3.14.jar;C:\Users\ \.m2\repository\org\springframework\spring-orm\5.3.14\spring-orm-5.3.14.jar;C:\Users\ \.m2\repository\org\springframework\spring-jdbc\5.3.14\spring-jdbc-5.3.14.jar;C:\Users\ \.m2\repository\org\springframework\spring-tx\5.3.14\spring-tx-5.3.14.jar;C:\Users\ \.m2\repository\org\hibernate\hibernate-core\5.6.3.Final\hibernate-core-5.6.3.Final.jar;C:\Users\ \.m2\repository\org\jboss\logging\jboss-logging\3.4.2.Final\jboss-logging-3.4.2.Final.jar;C:\Users\ \.m2\repository\javax\persistence\javax.persistence-api\2.2\javax.persistence-api-2.2.jar;C:\Users\ \.m2\repository\net\bytebuddy\byte-buddy\1.11.20\byte-buddy-1.11.20.jar;C:\Users\ \.m2\repository\antlr\antlr\2.7.7\antlr-2.7.7.jar;C:\Users\ \.m2\repository\org\jboss\spec\javax\transaction\jboss-transaction-api_1.2_spec\1.1.1.Final\jboss-transaction-api_1.2_spec-1.1.1.Final.jar;C:\Users\ \.m2\repository\org\jboss\jandex\2.2.3.Final\jandex-2.2.3.Final.jar;C:\Users\ \.m2\repository\com\fasterxml\classmate\1.5.1\classmate-1.5.1.jar;C:\Users\ \.m2\repository\javax\activation\javax.activation-api\1.2.0\javax.activation-api-1.2.0.jar;C:\Users\ \.m2\repository\org\hibernate\common\hibernate-commons-annotations\5.1.2.Final\hibernate-commons-annotations-5.1.2.Final.jar;C:\Users\ \.m2\repository\javax\xml\bind\jaxb-api\2.3.1\jaxb-api-2.3.1.jar;C:\Users\ \.m2\repository\org\glassfish\jaxb\jaxb-runtime\2.3.1\jaxb-runtime-2.3.1.jar;C:\Users\ \.m2\repository\org\glassfish\jaxb\txw2\2.3.1\txw2-2.3.1.jar;C:\Users\ \.m2\repository\com\sun\istack\istack-commons-runtime\3.0.7\istack-commons-runtime-3.0.7.jar;C:\Users\ \.m2\repository\org\jvnet\staxex\stax-ex\1.8\stax-ex-1.8.jar;C:\Users\ \.m2\repository\com\sun\xml\fastinfoset\FastInfoset\1.2.15\FastInfoset-1.2.15.jar;C:\Users\ \.m2\repository\mysql\mysql-connector-java\8.0.25\mysql-connector-java-8.0.25.jar;C:\Users\ \.m2\repository\com\google\protobuf\protobuf-java\3.11.4\protobuf-java-3.11.4.jar
Launcher Type: SUN_STANDARD

[Global flags]
     intx CICompilerCount                          = 4                                         {product} {ergonomic}
     uint ConcGCThreads                            = 2                                         {product} {ergonomic}
     uint G1ConcRefinementThreads                  = 8                                         {product} {ergonomic}
   size_t G1HeapRegionSize                         = 1048576                                   {product} {ergonomic}
   size_t InitialHeapSize                          = 132120576                                 {product} {ergonomic}
   size_t MarkStackSize                            = 4194304                                   {product} {ergonomic}
   size_t MarkStackSizeMax                         = 536870912                                 {product} {ergonomic}
   size_t MaxHeapSize                              = 2109734912                                {product} {ergonomic}
   size_t MaxNewSize                               = 1265631232                                {product} {ergonomic}
   size_t MinHeapDeltaBytes                        = 1048576                                   {product} {ergonomic}
   size_t MinHeapSize                              = 8388608                                   {product} {ergonomic}
    uintx NonNMethodCodeHeapSize                   = 5832704                                {pd product} {ergonomic}
    uintx NonProfiledCodeHeapSize                  = 122945536                              {pd product} {ergonomic}
    uintx ProfiledCodeHeapSize                     = 122880000                              {pd product} {ergonomic}
    uintx ReservedCodeCacheSize                    = 251658240                              {pd product} {ergonomic}
     bool SegmentedCodeCache                       = true                                      {product} {ergonomic}
   size_t SoftMaxHeapSize                          = 2109734912                             {manageable} {ergonomic}
     bool UseCompressedOops                        = true                           {product lp64_product} {ergonomic}
     bool UseG1GC                                  = true                                      {product} {ergonomic}
     bool UseLargePagesIndividualAllocation        = false                                  {pd product} {ergonomic}

Logging:
Log output configuration:
 #0: stdout all=warning uptime,level,tags foldmultilines=false
 #1: stderr all=off uptime,level,tags foldmultilines=false

Environment Variables:
JAVA_HOME=C:\Program Files\Java\jdk-17.0.2+8
PATH=C:\Program Files\Java\jdk-17.0.2+8\bin;C:\ProgramData\Oracle\Java\javapath;C:\Windows\system32;C:\Windows;C:\Windows\System32\Wbem;C:\Windows\System32\WindowsPowerShell\v1.0\;C:\Windows\System32\OpenSSH\;C:\Program Files\NVIDIA Corporation\NVIDIA NvDLISR;C:\Program Files (x86)\NVIDIA Corporation\PhysX\Common;C:\WINDOWS\system32;C:\WINDOWS;C:\WINDOWS\System32\Wbem;C:\WINDOWS\System32\WindowsPowerShell\v1.0\;C:\WINDOWS\System32\OpenSSH\;C:\Program Files\dotnet\;C:\Program Files (x86)\Windows Kits\10\Windows Performance Toolkit\;C:\Program Files\Git\cmd;C:\Program Files\MySQL\MySQL Shell 8.0\bin\;C:\Users\ \AppData\Local\Microsoft\WindowsApps;C:\Users\ \AppData\Local\atom\bin;C:\Users\ \AppData\Local\Microsoft\WindowsApps;C:\Program Files\Java\jdk-17.0.2+8\bin;;C:\Program Files\JetBrains\IntelliJ IDEA 2024.2.0.1\bin;
USERNAME= 
OS=Windows_NT
PROCESSOR_IDENTIFIER=Intel64 Family 6 Model 158 Stepping 10, GenuineIntel
TMP=C:\Users\7DA8~1\AppData\Local\Temp
TEMP=C:\Users\7DA8~1\AppData\Local\Temp




Periodic native trim disabled

---------------  S Y S T E M  ---------------

OS:
 Windows 10 , 64 bit Build 19041 (10.0.19041.4842)
OS uptime: 7 days 16:09 hours

CPU: total 8 (initial active 8) (4 cores per cpu, 2 threads per core) family 6 model 158 stepping 10 microcode 0xb4, cx8, cmov, fxsr, ht, mmx, 3dnowpref, sse, sse2, sse3, ssse3, sse4.1, sse4.2, popcnt, lzcnt, tsc, tscinvbit, avx, avx2, aes, erms, clmul, bmi1, bmi2, adx, fma, vzeroupper, clflush, clflushopt, rdtscp, f16c
Processor Information for the first 8 processors :
  Max Mhz: 2304, Current Mhz: 2304, Mhz Limit: 2304

Memory: 4k page, system-wide physical 8041M (535M free)
TotalPageFile size 12127M (AvailPageFile size 3M)
current process WorkingSet (physical memory assigned to process): 96M, peak: 96M
current process commit charge ("private bytes"): 234M, peak: 235M

vm_info: OpenJDK 64-Bit Server VM (23+37-2369) for windows-amd64 JRE (23+37-2369), built on 2024-08-20T16:01:23Z with MS VC++ 17.6 (VS2022)

END.
