#
# There is insufficient memory for the Java Runtime Environment to continue.
# Native memory allocation (malloc) failed to allocate 248176 bytes. Error detail: Chunk::new
# Possible reasons:
#   The system is out of physical RAM or swap space
#   This process is running with CompressedOops enabled, and the Java Heap may be blocking the growth of the native heap
# Possible solutions:
#   Reduce memory load on the system
#   Increase physical memory or swap space
#   Check if swap backing store is full
#   Decrease Java heap size (-Xmx/-Xms)
#   Decrease number of Java threads
#   Decrease Java thread stack sizes (-Xss)
#   Set larger code cache with -XX:ReservedCodeCacheSize=
#   JVM is running with Unscaled Compressed Oops mode in which the Java heap is
#     placed in the first 4GB address space. The Java Heap base address is the
#     maximum limit for the native heap growth. Please use -XX:HeapBaseMinAddress
#     to set the Java Heap base and to place the Java Heap above 4GB virtual address.
# This output file may be truncated or incomplete.
#
#  Out of Memory Error (arena.cpp:149), pid=13860, tid=15744
#
# JRE version: OpenJDK Runtime Environment (23.0+37) (build 23+37-2369)
# Java VM: OpenJDK 64-Bit Server VM (23+37-2369, mixed mode, sharing, tiered, compressed oops, compressed class ptrs, g1 gc, windows-amd64)
# No core dump will be written. Minidumps are not enabled by default on client versions of Windows
#

---------------  S U M M A R Y ------------

Command Line: -javaagent:C:\Program Files\JetBrains\IntelliJ IDEA 2024.2.0.1\lib\idea_rt.jar=63133:C:\Program Files\JetBrains\IntelliJ IDEA 2024.2.0.1\bin -Dfile.encoding=UTF-8 -Dsun.stdout.encoding=UTF-8 -Dsun.stderr.encoding=UTF-8 hiber.MainApp

Host: Intel(R) Core(TM) i5-8300H CPU @ 2.30GHz, 8 cores, 7G,  Windows 10 , 64 bit Build 19041 (10.0.19041.4842)
Time: Sun Sep 29 14:34:18 2024 RTZ 2 (s 10 , 64 bit Build 19041 (10.0.19041.4842) elapsed time: 1.983202 seconds (0d 0h 0m 1s)

---------------  T H R E A D  ---------------

Current thread (0x00000238c5213b60):  JavaThread "C2 CompilerThread1" daemon [_thread_in_native, id=15744, stack(0x000000c88d300000,0x000000c88d400000) (1024K)]


Current CompileTask:
C2:1983 2220       4       java.util.Properties$LineReader::readLine (584 bytes)

Stack: [0x000000c88d300000,0x000000c88d400000]
Native frames: (J=compiled Java code, j=interpreted, Vv=VM code, C=native code)
V  [jvm.dll+0x6e08a9]  (no source info available)
V  [jvm.dll+0x87da63]  (no source info available)
V  [jvm.dll+0x87feee]  (no source info available)
V  [jvm.dll+0x8805c3]  (no source info available)
V  [jvm.dll+0x27aee6]  (no source info available)
V  [jvm.dll+0xbc06f]  (no source info available)
V  [jvm.dll+0xbc2cb]  (no source info available)
V  [jvm.dll+0x2ee94d]  (no source info available)
V  [jvm.dll+0x6063c9]  (no source info available)
V  [jvm.dll+0x24ddf2]  (no source info available)
V  [jvm.dll+0x2468c4]  (no source info available)
V  [jvm.dll+0x243d04]  (no source info available)
V  [jvm.dll+0x1c33a0]  (no source info available)
V  [jvm.dll+0x253cf1]  (no source info available)
V  [jvm.dll+0x251faa]  (no source info available)
V  [jvm.dll+0x3ee036]  (no source info available)
V  [jvm.dll+0x824f1b]  (no source info available)
V  [jvm.dll+0x6df055]  (no source info available)
C  [ucrtbase.dll+0x21bb2]  (no source info available)
C  [KERNEL32.DLL+0x17374]  (no source info available)
C  [ntdll.dll+0x4cc91]  (no source info available)

Lock stack of current Java thread (top to bottom):


---------------  P R O C E S S  ---------------

Threads class SMR info:
_java_thread_list=0x00000238ed709ac0, length=14, elements={
0x00000238c58d5740, 0x00000238e47688e0, 0x00000238e47699b0, 0x00000238e476dac0,
0x00000238e476e520, 0x00000238e4779300, 0x00000238e479d420, 0x00000238e47a11d0,
0x00000238e47a1c80, 0x00000238c50d3c20, 0x00000238c5213b60, 0x00000238c50d4fd0,
0x00000238c50d6380, 0x00000238c50d4940
}

Java Threads: ( => current thread )
  0x00000238c58d5740 JavaThread "main"                              [_thread_in_vm, id=3764, stack(0x000000c88c200000,0x000000c88c300000) (1024K)]
  0x00000238e47688e0 JavaThread "Reference Handler"          daemon [_thread_blocked, id=1096, stack(0x000000c88ca00000,0x000000c88cb00000) (1024K)]
  0x00000238e47699b0 JavaThread "Finalizer"                  daemon [_thread_blocked, id=14800, stack(0x000000c88cb00000,0x000000c88cc00000) (1024K)]
  0x00000238e476dac0 JavaThread "Signal Dispatcher"          daemon [_thread_blocked, id=3200, stack(0x000000c88cc00000,0x000000c88cd00000) (1024K)]
  0x00000238e476e520 JavaThread "Attach Listener"            daemon [_thread_blocked, id=7832, stack(0x000000c88cd00000,0x000000c88ce00000) (1024K)]
  0x00000238e4779300 JavaThread "Service Thread"             daemon [_thread_blocked, id=15728, stack(0x000000c88ce00000,0x000000c88cf00000) (1024K)]
  0x00000238e479d420 JavaThread "Monitor Deflation Thread"   daemon [_thread_blocked, id=3692, stack(0x000000c88cf00000,0x000000c88d000000) (1024K)]
  0x00000238e47a11d0 JavaThread "C2 CompilerThread0"         daemon [_thread_blocked, id=9448, stack(0x000000c88d000000,0x000000c88d100000) (1024K)]
  0x00000238e47a1c80 JavaThread "C1 CompilerThread0"         daemon [_thread_blocked, id=17212, stack(0x000000c88d100000,0x000000c88d200000) (1024K)]
  0x00000238c50d3c20 JavaThread "Common-Cleaner"             daemon [_thread_blocked, id=6064, stack(0x000000c88d200000,0x000000c88d300000) (1024K)]
=>0x00000238c5213b60 JavaThread "C2 CompilerThread1"         daemon [_thread_in_native, id=15744, stack(0x000000c88d300000,0x000000c88d400000) (1024K)]
  0x00000238c50d4fd0 JavaThread "Monitor Ctrl-Break"         daemon [_thread_in_native, id=2908, stack(0x000000c88d500000,0x000000c88d600000) (1024K)]
  0x00000238c50d6380 JavaThread "Notification Thread"        daemon [_thread_blocked, id=5044, stack(0x000000c88d600000,0x000000c88d700000) (1024K)]
  0x00000238c50d4940 JavaThread "mysql-cj-abandoned-connection-cleanup" daemon [_thread_blocked, id=15844, stack(0x000000c88dc00000,0x000000c88dd00000) (1024K)]
Total: 14

Other Threads:
  0x00000238e474e880 VMThread "VM Thread"                           [id=4672, stack(0x000000c88c900000,0x000000c88ca00000) (1024K)]
  0x00000238e4739300 WatcherThread "VM Periodic Task Thread"        [id=13740, stack(0x000000c88c800000,0x000000c88c900000) (1024K)]
  0x00000238c7adff10 WorkerThread "GC Thread#0"                     [id=132, stack(0x000000c88c300000,0x000000c88c400000) (1024K)]
  0x00000238e4faf590 WorkerThread "GC Thread#1"                     [id=12220, stack(0x000000c88d400000,0x000000c88d500000) (1024K)]
  0x00000238e4fa6af0 WorkerThread "GC Thread#2"                     [id=15016, stack(0x000000c88d700000,0x000000c88d800000) (1024K)]
  0x00000238ed6cbfd0 WorkerThread "GC Thread#3"                     [id=14916, stack(0x000000c88d800000,0x000000c88d900000) (1024K)]
  0x00000238ed691470 WorkerThread "GC Thread#4"                     [id=4488, stack(0x000000c88d900000,0x000000c88da00000) (1024K)]
  0x00000238ed691c30 WorkerThread "GC Thread#5"                     [id=16464, stack(0x000000c88da00000,0x000000c88db00000) (1024K)]
  0x00000238ed6927f0 WorkerThread "GC Thread#6"                     [id=16692, stack(0x000000c88db00000,0x000000c88dc00000) (1024K)]
  0x00000238e4fac050 WorkerThread "GC Thread#7"                     [id=3888, stack(0x000000c88dd00000,0x000000c88de00000) (1024K)]
  0x00000238c599e660 ConcurrentGCThread "G1 Main Marker"            [id=11092, stack(0x000000c88c400000,0x000000c88c500000) (1024K)]
  0x00000238c7af1ef0 WorkerThread "G1 Conc#0"                       [id=10820, stack(0x000000c88c500000,0x000000c88c600000) (1024K)]
  0x00000238c7b4e3f0 ConcurrentGCThread "G1 Refine#0"               [id=12372, stack(0x000000c88c600000,0x000000c88c700000) (1024K)]
  0x00000238e4610160 ConcurrentGCThread "G1 Service"                [id=15828, stack(0x000000c88c700000,0x000000c88c800000) (1024K)]
Total: 14

Threads with active compile tasks:
C2 CompilerThread1  2087 2220       4       java.util.Properties$LineReader::readLine (584 bytes)
Total: 1

VM state: not at safepoint (normal execution)

VM Mutex/Monitor currently owned by a thread:  ([mutex/lock_event])
[0x00007ffdf92d1890] Metaspace_lock - owner thread: 0x00000238c58d5740

Heap address: 0x0000000082400000, size: 2012 MB, Compressed Oops mode: 32-bit

CDS archive(s) mapped at: [0x0000023880000000-0x0000023880d70000-0x0000023880d70000), size 14090240, SharedBaseAddress: 0x0000023880000000, ArchiveRelocationMode: 1.
Compressed class space mapped at: 0x0000023881000000-0x00000238c1000000, reserved size: 1073741824
Narrow klass base: 0x0000023880000000, Narrow klass shift: 0, Narrow klass range: 0x41000000

GC Precious Log:
 CardTable entry size: 512
 Card Set container configuration: InlinePtr #cards 5 size 8 Array Of Cards #cards 10 size 36 Howl #buckets 4 coarsen threshold 1843 Howl Bitmap #cards 512 size 80 coarsen threshold 460 Card regions per heap region 1 cards per card region 2048
 CPUs: 8 total, 8 available
 Memory: 8041M
 Large Page Support: Disabled
 NUMA Support: Disabled
 Compressed Oops: Enabled (32-bit)
 Heap Region Size: 1M
 Heap Min Capacity: 8M
 Heap Initial Capacity: 126M
 Heap Max Capacity: 2012M
 Pre-touch: Disabled
 Parallel Workers: 8
 Concurrent Workers: 2
 Concurrent Refinement Workers: 8
 Periodic GC: Disabled

Heap:
 garbage-first heap   total reserved 2060288K, committed 129024K, used 14836K [0x0000000082400000, 0x0000000100000000)
  region size 1024K, 12 young (12288K), 3 survivors (3072K)
 Metaspace       used 16963K, committed 17216K, reserved 1114112K
  class space    used 2232K, committed 2368K, reserved 1048576K

Heap Regions: E=young(eden), S=young(survivor), O=old, HS=humongous(starts), HC=humongous(continues), CS=collection set, F=free, TAMS=top-at-mark-start, PB=parsable bottom
|   0|0x0000000082400000, 0x0000000082500000, 0x0000000082500000|100%|HS|  |TAMS 0x0000000082400000| PB 0x0000000082400000| Complete |  0
|   1|0x0000000082500000, 0x0000000082600000, 0x0000000082600000|100%| O|  |TAMS 0x0000000082500000| PB 0x0000000082500000| Untracked |  0
|   2|0x0000000082600000, 0x0000000082700000, 0x0000000082700000|100%| O|  |TAMS 0x0000000082600000| PB 0x0000000082600000| Untracked |  0
|   3|0x0000000082700000, 0x0000000082800000, 0x0000000082800000|100%| O|  |TAMS 0x0000000082700000| PB 0x0000000082700000| Untracked |  0
|   4|0x0000000082800000, 0x00000000828e1e00, 0x0000000082900000| 88%| O|  |TAMS 0x0000000082800000| PB 0x0000000082800000| Untracked |  0
|   5|0x0000000082900000, 0x0000000082900000, 0x0000000082a00000|  0%| F|  |TAMS 0x0000000082900000| PB 0x0000000082900000| Untracked |  0
|   6|0x0000000082a00000, 0x0000000082a00000, 0x0000000082b00000|  0%| F|  |TAMS 0x0000000082a00000| PB 0x0000000082a00000| Untracked |  0
|   7|0x0000000082b00000, 0x0000000082b00000, 0x0000000082c00000|  0%| F|  |TAMS 0x0000000082b00000| PB 0x0000000082b00000| Untracked |  0
|   8|0x0000000082c00000, 0x0000000082c00000, 0x0000000082d00000|  0%| F|  |TAMS 0x0000000082c00000| PB 0x0000000082c00000| Untracked |  0
|   9|0x0000000082d00000, 0x0000000082d00000, 0x0000000082e00000|  0%| F|  |TAMS 0x0000000082d00000| PB 0x0000000082d00000| Untracked |  0
|  10|0x0000000082e00000, 0x0000000082e00000, 0x0000000082f00000|  0%| F|  |TAMS 0x0000000082e00000| PB 0x0000000082e00000| Untracked |  0
|  11|0x0000000082f00000, 0x0000000082f00000, 0x0000000083000000|  0%| F|  |TAMS 0x0000000082f00000| PB 0x0000000082f00000| Untracked |  0
|  12|0x0000000083000000, 0x0000000083000000, 0x0000000083100000|  0%| F|  |TAMS 0x0000000083000000| PB 0x0000000083000000| Untracked |  0
|  13|0x0000000083100000, 0x0000000083100000, 0x0000000083200000|  0%| F|  |TAMS 0x0000000083100000| PB 0x0000000083100000| Untracked |  0
|  14|0x0000000083200000, 0x0000000083200000, 0x0000000083300000|  0%| F|  |TAMS 0x0000000083200000| PB 0x0000000083200000| Untracked |  0
|  15|0x0000000083300000, 0x0000000083300000, 0x0000000083400000|  0%| F|  |TAMS 0x0000000083300000| PB 0x0000000083300000| Untracked |  0
|  16|0x0000000083400000, 0x0000000083400000, 0x0000000083500000|  0%| F|  |TAMS 0x0000000083400000| PB 0x0000000083400000| Untracked |  0
|  17|0x0000000083500000, 0x0000000083500000, 0x0000000083600000|  0%| F|  |TAMS 0x0000000083500000| PB 0x0000000083500000| Untracked |  0
|  18|0x0000000083600000, 0x0000000083600000, 0x0000000083700000|  0%| F|  |TAMS 0x0000000083600000| PB 0x0000000083600000| Untracked |  0
|  19|0x0000000083700000, 0x0000000083700000, 0x0000000083800000|  0%| F|  |TAMS 0x0000000083700000| PB 0x0000000083700000| Untracked |  0
|  20|0x0000000083800000, 0x0000000083800000, 0x0000000083900000|  0%| F|  |TAMS 0x0000000083800000| PB 0x0000000083800000| Untracked |  0
|  21|0x0000000083900000, 0x0000000083900000, 0x0000000083a00000|  0%| F|  |TAMS 0x0000000083900000| PB 0x0000000083900000| Untracked |  0
|  22|0x0000000083a00000, 0x0000000083a00000, 0x0000000083b00000|  0%| F|  |TAMS 0x0000000083a00000| PB 0x0000000083a00000| Untracked |  0
|  23|0x0000000083b00000, 0x0000000083b00000, 0x0000000083c00000|  0%| F|  |TAMS 0x0000000083b00000| PB 0x0000000083b00000| Untracked |  0
|  24|0x0000000083c00000, 0x0000000083c00000, 0x0000000083d00000|  0%| F|  |TAMS 0x0000000083c00000| PB 0x0000000083c00000| Untracked |  0
|  25|0x0000000083d00000, 0x0000000083d00000, 0x0000000083e00000|  0%| F|  |TAMS 0x0000000083d00000| PB 0x0000000083d00000| Untracked |  0
|  26|0x0000000083e00000, 0x0000000083e00000, 0x0000000083f00000|  0%| F|  |TAMS 0x0000000083e00000| PB 0x0000000083e00000| Untracked |  0
|  27|0x0000000083f00000, 0x0000000083f00000, 0x0000000084000000|  0%| F|  |TAMS 0x0000000083f00000| PB 0x0000000083f00000| Untracked |  0
|  28|0x0000000084000000, 0x0000000084000000, 0x0000000084100000|  0%| F|  |TAMS 0x0000000084000000| PB 0x0000000084000000| Untracked |  0
|  29|0x0000000084100000, 0x0000000084100000, 0x0000000084200000|  0%| F|  |TAMS 0x0000000084100000| PB 0x0000000084100000| Untracked |  0
|  30|0x0000000084200000, 0x0000000084200000, 0x0000000084300000|  0%| F|  |TAMS 0x0000000084200000| PB 0x0000000084200000| Untracked |  0
|  31|0x0000000084300000, 0x0000000084300000, 0x0000000084400000|  0%| F|  |TAMS 0x0000000084300000| PB 0x0000000084300000| Untracked |  0
|  32|0x0000000084400000, 0x0000000084400000, 0x0000000084500000|  0%| F|  |TAMS 0x0000000084400000| PB 0x0000000084400000| Untracked |  0
|  33|0x0000000084500000, 0x0000000084500000, 0x0000000084600000|  0%| F|  |TAMS 0x0000000084500000| PB 0x0000000084500000| Untracked |  0
|  34|0x0000000084600000, 0x0000000084600000, 0x0000000084700000|  0%| F|  |TAMS 0x0000000084600000| PB 0x0000000084600000| Untracked |  0
|  35|0x0000000084700000, 0x0000000084700000, 0x0000000084800000|  0%| F|  |TAMS 0x0000000084700000| PB 0x0000000084700000| Untracked |  0
|  36|0x0000000084800000, 0x0000000084800000, 0x0000000084900000|  0%| F|  |TAMS 0x0000000084800000| PB 0x0000000084800000| Untracked |  0
|  37|0x0000000084900000, 0x0000000084900000, 0x0000000084a00000|  0%| F|  |TAMS 0x0000000084900000| PB 0x0000000084900000| Untracked |  0
|  38|0x0000000084a00000, 0x0000000084a00000, 0x0000000084b00000|  0%| F|  |TAMS 0x0000000084a00000| PB 0x0000000084a00000| Untracked |  0
|  39|0x0000000084b00000, 0x0000000084b00000, 0x0000000084c00000|  0%| F|  |TAMS 0x0000000084b00000| PB 0x0000000084b00000| Untracked |  0
|  40|0x0000000084c00000, 0x0000000084c00000, 0x0000000084d00000|  0%| F|  |TAMS 0x0000000084c00000| PB 0x0000000084c00000| Untracked |  0
|  41|0x0000000084d00000, 0x0000000084d00000, 0x0000000084e00000|  0%| F|  |TAMS 0x0000000084d00000| PB 0x0000000084d00000| Untracked |  0
|  42|0x0000000084e00000, 0x0000000084e00000, 0x0000000084f00000|  0%| F|  |TAMS 0x0000000084e00000| PB 0x0000000084e00000| Untracked |  0
|  43|0x0000000084f00000, 0x0000000084f00000, 0x0000000085000000|  0%| F|  |TAMS 0x0000000084f00000| PB 0x0000000084f00000| Untracked |  0
|  44|0x0000000085000000, 0x0000000085000000, 0x0000000085100000|  0%| F|  |TAMS 0x0000000085000000| PB 0x0000000085000000| Untracked |  0
|  45|0x0000000085100000, 0x0000000085100000, 0x0000000085200000|  0%| F|  |TAMS 0x0000000085100000| PB 0x0000000085100000| Untracked |  0
|  46|0x0000000085200000, 0x0000000085200000, 0x0000000085300000|  0%| F|  |TAMS 0x0000000085200000| PB 0x0000000085200000| Untracked |  0
|  47|0x0000000085300000, 0x0000000085300000, 0x0000000085400000|  0%| F|  |TAMS 0x0000000085300000| PB 0x0000000085300000| Untracked |  0
|  48|0x0000000085400000, 0x0000000085400000, 0x0000000085500000|  0%| F|  |TAMS 0x0000000085400000| PB 0x0000000085400000| Untracked |  0
|  49|0x0000000085500000, 0x0000000085500000, 0x0000000085600000|  0%| F|  |TAMS 0x0000000085500000| PB 0x0000000085500000| Untracked |  0
|  50|0x0000000085600000, 0x0000000085600000, 0x0000000085700000|  0%| F|  |TAMS 0x0000000085600000| PB 0x0000000085600000| Untracked |  0
|  51|0x0000000085700000, 0x0000000085700000, 0x0000000085800000|  0%| F|  |TAMS 0x0000000085700000| PB 0x0000000085700000| Untracked |  0
|  52|0x0000000085800000, 0x0000000085800000, 0x0000000085900000|  0%| F|  |TAMS 0x0000000085800000| PB 0x0000000085800000| Untracked |  0
|  53|0x0000000085900000, 0x0000000085900000, 0x0000000085a00000|  0%| F|  |TAMS 0x0000000085900000| PB 0x0000000085900000| Untracked |  0
|  54|0x0000000085a00000, 0x0000000085a00000, 0x0000000085b00000|  0%| F|  |TAMS 0x0000000085a00000| PB 0x0000000085a00000| Untracked |  0
|  55|0x0000000085b00000, 0x0000000085b00000, 0x0000000085c00000|  0%| F|  |TAMS 0x0000000085b00000| PB 0x0000000085b00000| Untracked |  0
|  56|0x0000000085c00000, 0x0000000085c00000, 0x0000000085d00000|  0%| F|  |TAMS 0x0000000085c00000| PB 0x0000000085c00000| Untracked |  0
|  57|0x0000000085d00000, 0x0000000085d00000, 0x0000000085e00000|  0%| F|  |TAMS 0x0000000085d00000| PB 0x0000000085d00000| Untracked |  0
|  58|0x0000000085e00000, 0x0000000085e00000, 0x0000000085f00000|  0%| F|  |TAMS 0x0000000085e00000| PB 0x0000000085e00000| Untracked |  0
|  59|0x0000000085f00000, 0x0000000085f00000, 0x0000000086000000|  0%| F|  |TAMS 0x0000000085f00000| PB 0x0000000085f00000| Untracked |  0
|  60|0x0000000086000000, 0x0000000086000000, 0x0000000086100000|  0%| F|  |TAMS 0x0000000086000000| PB 0x0000000086000000| Untracked |  0
|  61|0x0000000086100000, 0x0000000086100000, 0x0000000086200000|  0%| F|  |TAMS 0x0000000086100000| PB 0x0000000086100000| Untracked |  0
|  62|0x0000000086200000, 0x0000000086200000, 0x0000000086300000|  0%| F|  |TAMS 0x0000000086200000| PB 0x0000000086200000| Untracked |  0
|  63|0x0000000086300000, 0x0000000086300000, 0x0000000086400000|  0%| F|  |TAMS 0x0000000086300000| PB 0x0000000086300000| Untracked |  0
|  64|0x0000000086400000, 0x0000000086400000, 0x0000000086500000|  0%| F|  |TAMS 0x0000000086400000| PB 0x0000000086400000| Untracked |  0
|  65|0x0000000086500000, 0x0000000086500000, 0x0000000086600000|  0%| F|  |TAMS 0x0000000086500000| PB 0x0000000086500000| Untracked |  0
|  66|0x0000000086600000, 0x0000000086600000, 0x0000000086700000|  0%| F|  |TAMS 0x0000000086600000| PB 0x0000000086600000| Untracked |  0
|  67|0x0000000086700000, 0x0000000086700000, 0x0000000086800000|  0%| F|  |TAMS 0x0000000086700000| PB 0x0000000086700000| Untracked |  0
|  68|0x0000000086800000, 0x0000000086800000, 0x0000000086900000|  0%| F|  |TAMS 0x0000000086800000| PB 0x0000000086800000| Untracked |  0
|  69|0x0000000086900000, 0x0000000086900000, 0x0000000086a00000|  0%| F|  |TAMS 0x0000000086900000| PB 0x0000000086900000| Untracked |  0
|  70|0x0000000086a00000, 0x0000000086a00000, 0x0000000086b00000|  0%| F|  |TAMS 0x0000000086a00000| PB 0x0000000086a00000| Untracked |  0
|  71|0x0000000086b00000, 0x0000000086b00000, 0x0000000086c00000|  0%| F|  |TAMS 0x0000000086b00000| PB 0x0000000086b00000| Untracked |  0
|  72|0x0000000086c00000, 0x0000000086c00000, 0x0000000086d00000|  0%| F|  |TAMS 0x0000000086c00000| PB 0x0000000086c00000| Untracked |  0
|  73|0x0000000086d00000, 0x0000000086d00000, 0x0000000086e00000|  0%| F|  |TAMS 0x0000000086d00000| PB 0x0000000086d00000| Untracked |  0
|  74|0x0000000086e00000, 0x0000000086e00000, 0x0000000086f00000|  0%| F|  |TAMS 0x0000000086e00000| PB 0x0000000086e00000| Untracked |  0
|  75|0x0000000086f00000, 0x0000000086f00000, 0x0000000087000000|  0%| F|  |TAMS 0x0000000086f00000| PB 0x0000000086f00000| Untracked |  0
|  76|0x0000000087000000, 0x0000000087000000, 0x0000000087100000|  0%| F|  |TAMS 0x0000000087000000| PB 0x0000000087000000| Untracked |  0
|  77|0x0000000087100000, 0x0000000087100000, 0x0000000087200000|  0%| F|  |TAMS 0x0000000087100000| PB 0x0000000087100000| Untracked |  0
|  78|0x0000000087200000, 0x0000000087200000, 0x0000000087300000|  0%| F|  |TAMS 0x0000000087200000| PB 0x0000000087200000| Untracked |  0
|  79|0x0000000087300000, 0x0000000087300000, 0x0000000087400000|  0%| F|  |TAMS 0x0000000087300000| PB 0x0000000087300000| Untracked |  0
|  80|0x0000000087400000, 0x0000000087400000, 0x0000000087500000|  0%| F|  |TAMS 0x0000000087400000| PB 0x0000000087400000| Untracked |  0
|  81|0x0000000087500000, 0x0000000087500000, 0x0000000087600000|  0%| F|  |TAMS 0x0000000087500000| PB 0x0000000087500000| Untracked |  0
|  82|0x0000000087600000, 0x0000000087600000, 0x0000000087700000|  0%| F|  |TAMS 0x0000000087600000| PB 0x0000000087600000| Untracked |  0
|  83|0x0000000087700000, 0x0000000087700000, 0x0000000087800000|  0%| F|  |TAMS 0x0000000087700000| PB 0x0000000087700000| Untracked |  0
|  84|0x0000000087800000, 0x0000000087800000, 0x0000000087900000|  0%| F|  |TAMS 0x0000000087800000| PB 0x0000000087800000| Untracked |  0
|  85|0x0000000087900000, 0x0000000087900000, 0x0000000087a00000|  0%| F|  |TAMS 0x0000000087900000| PB 0x0000000087900000| Untracked |  0
|  86|0x0000000087a00000, 0x0000000087a00000, 0x0000000087b00000|  0%| F|  |TAMS 0x0000000087a00000| PB 0x0000000087a00000| Untracked |  0
|  87|0x0000000087b00000, 0x0000000087b00000, 0x0000000087c00000|  0%| F|  |TAMS 0x0000000087b00000| PB 0x0000000087b00000| Untracked |  0
|  88|0x0000000087c00000, 0x0000000087c00000, 0x0000000087d00000|  0%| F|  |TAMS 0x0000000087c00000| PB 0x0000000087c00000| Untracked |  0
|  89|0x0000000087d00000, 0x0000000087d00000, 0x0000000087e00000|  0%| F|  |TAMS 0x0000000087d00000| PB 0x0000000087d00000| Untracked |  0
|  90|0x0000000087e00000, 0x0000000087e00000, 0x0000000087f00000|  0%| F|  |TAMS 0x0000000087e00000| PB 0x0000000087e00000| Untracked |  0
|  91|0x0000000087f00000, 0x0000000087f00000, 0x0000000088000000|  0%| F|  |TAMS 0x0000000087f00000| PB 0x0000000087f00000| Untracked |  0
|  92|0x0000000088000000, 0x0000000088000000, 0x0000000088100000|  0%| F|  |TAMS 0x0000000088000000| PB 0x0000000088000000| Untracked |  0
|  93|0x0000000088100000, 0x0000000088100000, 0x0000000088200000|  0%| F|  |TAMS 0x0000000088100000| PB 0x0000000088100000| Untracked |  0
|  94|0x0000000088200000, 0x0000000088200000, 0x0000000088300000|  0%| F|  |TAMS 0x0000000088200000| PB 0x0000000088200000| Untracked |  0
|  95|0x0000000088300000, 0x0000000088300000, 0x0000000088400000|  0%| F|  |TAMS 0x0000000088300000| PB 0x0000000088300000| Untracked |  0
|  96|0x0000000088400000, 0x0000000088400000, 0x0000000088500000|  0%| F|  |TAMS 0x0000000088400000| PB 0x0000000088400000| Untracked |  0
|  97|0x0000000088500000, 0x000000008859b528, 0x0000000088600000| 60%| S|CS|TAMS 0x0000000088500000| PB 0x0000000088500000| Complete |  0
|  98|0x0000000088600000, 0x0000000088700000, 0x0000000088700000|100%| S|CS|TAMS 0x0000000088600000| PB 0x0000000088600000| Complete |  0
|  99|0x0000000088700000, 0x0000000088700000, 0x0000000088800000|  0%| F|  |TAMS 0x0000000088700000| PB 0x0000000088700000| Untracked |  0
| 100|0x0000000088800000, 0x0000000088800000, 0x0000000088900000|  0%| F|  |TAMS 0x0000000088800000| PB 0x0000000088800000| Untracked |  0
| 101|0x0000000088900000, 0x0000000088900000, 0x0000000088a00000|  0%| F|  |TAMS 0x0000000088900000| PB 0x0000000088900000| Untracked |  0
| 102|0x0000000088a00000, 0x0000000088b00000, 0x0000000088b00000|100%| S|CS|TAMS 0x0000000088a00000| PB 0x0000000088a00000| Complete |  0
| 103|0x0000000088b00000, 0x0000000088b00000, 0x0000000088c00000|  0%| F|  |TAMS 0x0000000088b00000| PB 0x0000000088b00000| Untracked |  0
| 104|0x0000000088c00000, 0x0000000088c00000, 0x0000000088d00000|  0%| F|  |TAMS 0x0000000088c00000| PB 0x0000000088c00000| Untracked |  0
| 105|0x0000000088d00000, 0x0000000088d00000, 0x0000000088e00000|  0%| F|  |TAMS 0x0000000088d00000| PB 0x0000000088d00000| Untracked |  0
| 106|0x0000000088e00000, 0x0000000088e00000, 0x0000000088f00000|  0%| F|  |TAMS 0x0000000088e00000| PB 0x0000000088e00000| Untracked |  0
| 107|0x0000000088f00000, 0x0000000088f00000, 0x0000000089000000|  0%| F|  |TAMS 0x0000000088f00000| PB 0x0000000088f00000| Untracked |  0
| 108|0x0000000089000000, 0x0000000089000000, 0x0000000089100000|  0%| F|  |TAMS 0x0000000089000000| PB 0x0000000089000000| Untracked |  0
| 109|0x0000000089100000, 0x0000000089100000, 0x0000000089200000|  0%| F|  |TAMS 0x0000000089100000| PB 0x0000000089100000| Untracked |  0
| 110|0x0000000089200000, 0x0000000089200000, 0x0000000089300000|  0%| F|  |TAMS 0x0000000089200000| PB 0x0000000089200000| Untracked |  0
| 111|0x0000000089300000, 0x0000000089300000, 0x0000000089400000|  0%| F|  |TAMS 0x0000000089300000| PB 0x0000000089300000| Untracked |  0
| 112|0x0000000089400000, 0x0000000089400000, 0x0000000089500000|  0%| F|  |TAMS 0x0000000089400000| PB 0x0000000089400000| Untracked |  0
| 113|0x0000000089500000, 0x0000000089500000, 0x0000000089600000|  0%| F|  |TAMS 0x0000000089500000| PB 0x0000000089500000| Untracked |  0
| 114|0x0000000089600000, 0x0000000089600000, 0x0000000089700000|  0%| F|  |TAMS 0x0000000089600000| PB 0x0000000089600000| Untracked |  0
| 115|0x0000000089700000, 0x0000000089700000, 0x0000000089800000|  0%| F|  |TAMS 0x0000000089700000| PB 0x0000000089700000| Untracked |  0
| 116|0x0000000089800000, 0x0000000089800000, 0x0000000089900000|  0%| F|  |TAMS 0x0000000089800000| PB 0x0000000089800000| Untracked |  0
| 117|0x0000000089900000, 0x0000000089971538, 0x0000000089a00000| 44%| E|  |TAMS 0x0000000089900000| PB 0x0000000089900000| Complete |  0
| 118|0x0000000089a00000, 0x0000000089b00000, 0x0000000089b00000|100%| E|CS|TAMS 0x0000000089a00000| PB 0x0000000089a00000| Complete |  0
| 119|0x0000000089b00000, 0x0000000089c00000, 0x0000000089c00000|100%| E|CS|TAMS 0x0000000089b00000| PB 0x0000000089b00000| Complete |  0
| 120|0x0000000089c00000, 0x0000000089d00000, 0x0000000089d00000|100%| E|CS|TAMS 0x0000000089c00000| PB 0x0000000089c00000| Complete |  0
| 121|0x0000000089d00000, 0x0000000089e00000, 0x0000000089e00000|100%| E|  |TAMS 0x0000000089d00000| PB 0x0000000089d00000| Complete |  0
| 122|0x0000000089e00000, 0x0000000089f00000, 0x0000000089f00000|100%| E|CS|TAMS 0x0000000089e00000| PB 0x0000000089e00000| Complete |  0
| 123|0x0000000089f00000, 0x000000008a000000, 0x000000008a000000|100%| E|CS|TAMS 0x0000000089f00000| PB 0x0000000089f00000| Complete |  0
| 124|0x000000008a000000, 0x000000008a100000, 0x000000008a100000|100%| E|CS|TAMS 0x000000008a000000| PB 0x000000008a000000| Complete |  0
| 125|0x000000008a100000, 0x000000008a200000, 0x000000008a200000|100%| E|CS|TAMS 0x000000008a100000| PB 0x000000008a100000| Complete |  0

Card table byte_map: [0x00000238df9f0000,0x00000238dfde0000] _byte_map_base: 0x00000238df5de000

Marking Bits: (CMBitMap*) 0x00000238c7ae0620
 Bits: [0x00000238dfde0000, 0x00000238e1d50000)

Polling page: 0x00000238c5860000

Metaspace:

Usage:
  Non-class:     14.39 MB used.
      Class:      2.18 MB used.
       Both:     16.57 MB used.

Virtual space:
  Non-class space:       64.00 MB reserved,      14.50 MB ( 23%) committed,  1 nodes.
      Class space:        1.00 GB reserved,       2.31 MB ( <1%) committed,  1 nodes.
             Both:        1.06 GB reserved,      16.81 MB (  2%) committed. 

Chunk freelists:
   Non-Class:  656.00 KB
       Class:  13.51 MB
        Both:  14.15 MB

MaxMetaspaceSize: unlimited
CompressedClassSpaceSize: 1.00 GB
Initial GC threshold: 21.00 MB
Current GC threshold: 21.00 MB
CDS: on
 - commit_granule_bytes: 65536.
 - commit_granule_words: 8192.
 - virtual_space_node_default_size: 8388608.
 - enlarge_chunks_in_place: 1.
 - use_allocation_guard: 0.


Internal statistics:

num_allocs_failed_limit: 0.
num_arena_births: 242.
num_arena_deaths: 0.
num_vsnodes_births: 2.
num_vsnodes_deaths: 0.
num_space_committed: 269.
num_space_uncommitted: 0.
num_chunks_returned_to_freelist: 0.
num_chunks_taken_from_freelist: 732.
num_chunk_merges: 0.
num_chunk_splits: 529.
num_chunks_enlarged: 420.
num_inconsistent_stats: 0.

CodeHeap 'non-profiled nmethods': size=120064Kb used=701Kb max_used=701Kb free=119362Kb
 bounds [0x00000238d7c80000, 0x00000238d7ef0000, 0x00000238df1c0000]
CodeHeap 'profiled nmethods': size=120000Kb used=3036Kb max_used=3036Kb free=116963Kb
 bounds [0x00000238d01c0000, 0x00000238d04c0000, 0x00000238d76f0000]
CodeHeap 'non-nmethods': size=5696Kb used=1462Kb max_used=1477Kb free=4233Kb
 bounds [0x00000238d76f0000, 0x00000238d7960000, 0x00000238d7c80000]
CodeCache: size=245760Kb, used=5199Kb, max_used=5214Kb, free=240558Kb
 total_blobs=2820, nmethods=2261, adapters=464, full_count=0
Compilation: enabled, stopped_count=0, restarted_count=0

Compilation events (20 events):
Event: 1.978 Thread 0x00000238e47a1c80 2234       3       java.util.TreeMap::addEntry (59 bytes)
Event: 1.978 Thread 0x00000238e47a11d0 nmethod 2221 0x00000238d7d2c688 code [0x00000238d7d2c7e0, 0x00000238d7d2cc38]
Event: 1.978 Thread 0x00000238e47a1c80 nmethod 2234 0x00000238d04abd88 code [0x00000238d04abee0, 0x00000238d04ac388]
Event: 1.978 Thread 0x00000238e47a11d0 2236       4       java.lang.StringLatin1::getChar (9 bytes)
Event: 1.978 Thread 0x00000238e47a1c80 2238       3       java.lang.StringLatin1::compareToCI (108 bytes)
Event: 1.979 Thread 0x00000238e47a11d0 nmethod 2236 0x00000238d7d2cd08 code [0x00000238d7d2ce00, 0x00000238d7d2cea8]
Event: 1.979 Thread 0x00000238e47a1c80 nmethod 2238 0x00000238d04ac408 code [0x00000238d04ac5e0, 0x00000238d04ace78]
Event: 1.979 Thread 0x00000238e47a1c80 2235       3       java.lang.String$CaseInsensitiveComparator::compare (13 bytes)
Event: 1.979 Thread 0x00000238e47a1c80 nmethod 2235 0x00000238d04acf08 code [0x00000238d04ad040, 0x00000238d04ad328]
Event: 1.979 Thread 0x00000238e47a11d0 2239       4       java.lang.CharacterDataLatin1::toUpperCase (67 bytes)
Event: 1.979 Thread 0x00000238e47a1c80 2237       3       java.lang.String$CaseInsensitiveComparator::compare (68 bytes)
Event: 1.979 Thread 0x00000238e47a1c80 nmethod 2237 0x00000238d04ad388 code [0x00000238d04ad520, 0x00000238d04ad9a0]
Event: 1.979 Thread 0x00000238e47a1c80 2240       3       java.util.TreeMap::putIfAbsent (8 bytes)
Event: 1.980 Thread 0x00000238e47a1c80 nmethod 2240 0x00000238d04ada08 code [0x00000238d04adb20, 0x00000238d04adc60]
Event: 1.980 Thread 0x00000238e47a11d0 nmethod 2239 0x00000238d7d2d008 code [0x00000238d7d2d100, 0x00000238d7d2d1a8]
Event: 1.980 Thread 0x00000238e47a1c80 2241       3       java.util.TreeMap::rotateLeft (96 bytes)
Event: 1.980 Thread 0x00000238e47a1c80 nmethod 2241 0x00000238d04add08 code [0x00000238d04ade60, 0x00000238d04ae348]
Event: 1.980 Thread 0x00000238e47a11d0 2242       4       java.lang.String$CaseInsensitiveComparator::compare (13 bytes)
Event: 1.980 Thread 0x00000238e47a1c80 2244       3       java.util.TreeMap::rotateRight (96 bytes)
Event: 1.980 Thread 0x00000238e47a1c80 nmethod 2244 0x00000238d04ae388 code [0x00000238d04ae4e0, 0x00000238d04ae9c8]

GC Heap History (4 events):
Event: 1.016 GC heap before
{Heap before GC invocations=0 (full 0):
 garbage-first heap   total reserved 2060288K, committed 129024K, used 25600K [0x0000000082400000, 0x0000000100000000)
  region size 1024K, 24 young (24576K), 0 survivors (0K)
 Metaspace       used 7349K, committed 7552K, reserved 1114112K
  class space    used 899K, committed 960K, reserved 1048576K
}
Event: 1.023 GC heap after
{Heap after GC invocations=1 (full 0):
 garbage-first heap   total reserved 2060288K, committed 129024K, used 5226K [0x0000000082400000, 0x0000000100000000)
  region size 1024K, 3 young (3072K), 3 survivors (3072K)
 Metaspace       used 7349K, committed 7552K, reserved 1114112K
  class space    used 899K, committed 960K, reserved 1048576K
}
Event: 1.808 GC heap before
{Heap before GC invocations=1 (full 0):
 garbage-first heap   total reserved 2060288K, committed 129024K, used 27754K [0x0000000082400000, 0x0000000100000000)
  region size 1024K, 26 young (26624K), 3 survivors (3072K)
 Metaspace       used 14381K, committed 14656K, reserved 1114112K
  class space    used 1944K, committed 2112K, reserved 1048576K
}
Event: 1.818 GC heap after
{Heap after GC invocations=2 (full 0):
 garbage-first heap   total reserved 2060288K, committed 129024K, used 7668K [0x0000000082400000, 0x0000000100000000)
  region size 1024K, 3 young (3072K), 3 survivors (3072K)
 Metaspace       used 14381K, committed 14656K, reserved 1114112K
  class space    used 1944K, committed 2112K, reserved 1048576K
}

Dll operation events (11 events):
Event: 0.013 Loaded shared library C:\Users\Владислав Мехедов\.jdks\openjdk-23\bin\java.dll
Event: 0.062 Loaded shared library C:\Users\Владислав Мехедов\.jdks\openjdk-23\bin\jsvml.dll
Event: 0.122 Loaded shared library C:\Users\Владислав Мехедов\.jdks\openjdk-23\bin\zip.dll
Event: 0.125 Loaded shared library C:\Users\Владислав Мехедов\.jdks\openjdk-23\bin\instrument.dll
Event: 0.130 Loaded shared library C:\Users\Владислав Мехедов\.jdks\openjdk-23\bin\net.dll
Event: 0.132 Loaded shared library C:\Users\Владислав Мехедов\.jdks\openjdk-23\bin\nio.dll
Event: 0.142 Loaded shared library C:\Users\Владислав Мехедов\.jdks\openjdk-23\bin\zip.dll
Event: 0.191 Loaded shared library C:\Program Files\JetBrains\IntelliJ IDEA 2024.2.0.1\bin\breakgen64.dll
Event: 0.195 Loaded shared library C:\Users\Владислав Мехедов\.jdks\openjdk-23\bin\jimage.dll
Event: 0.201 Loaded shared library C:\Users\Владислав Мехедов\.jdks\openjdk-23\bin\extnet.dll
Event: 0.802 Loaded shared library C:\Users\Владислав Мехедов\.jdks\openjdk-23\bin\verify.dll

Deoptimization events (20 events):
Event: 1.414 Thread 0x00000238c58d5740 DEOPT PACKING pc=0x00000238d7d1053c sp=0x000000c88c2f8010
Event: 1.414 Thread 0x00000238c58d5740 DEOPT UNPACKING pc=0x00000238d7744402 sp=0x000000c88c2f7f98 mode 2
Event: 1.414 Thread 0x00000238c58d5740 Uncommon trap: trap_request=0xffffffbe fr.pc=0x00000238d7d1053c relative=0x000000000000049c
Event: 1.414 Thread 0x00000238c58d5740 Uncommon trap: reason=profile_predicate action=maybe_recompile pc=0x00000238d7d1053c method=sun.net.www.ParseUtil.firstEncodeIndex(Ljava/lang/String;)I @ 9 c2
Event: 1.414 Thread 0x00000238c58d5740 DEOPT PACKING pc=0x00000238d7d1053c sp=0x000000c88c2f8010
Event: 1.414 Thread 0x00000238c58d5740 DEOPT UNPACKING pc=0x00000238d7744402 sp=0x000000c88c2f7f98 mode 2
Event: 1.860 Thread 0x00000238c58d5740 Uncommon trap: trap_request=0xffffff76 fr.pc=0x00000238d7cfd1d4 relative=0x0000000000000294
Event: 1.860 Thread 0x00000238c58d5740 Uncommon trap: reason=predicate action=maybe_recompile pc=0x00000238d7cfd1d4 method=java.util.regex.Pattern$BmpCharPropertyGreedy.match(Ljava/util/regex/Matcher;ILjava/lang/CharSequence;)Z @ 12 c2
Event: 1.860 Thread 0x00000238c58d5740 DEOPT PACKING pc=0x00000238d7cfd1d4 sp=0x000000c88c2fd380
Event: 1.860 Thread 0x00000238c58d5740 DEOPT UNPACKING pc=0x00000238d7744402 sp=0x000000c88c2fd338 mode 2
Event: 1.871 Thread 0x00000238c58d5740 Uncommon trap: trap_request=0xffffff45 fr.pc=0x00000238d7d165f8 relative=0x0000000000000338
Event: 1.871 Thread 0x00000238c58d5740 Uncommon trap: reason=unstable_if action=reinterpret pc=0x00000238d7d165f8 method=java.lang.StringLatin1.regionMatchesCI([BI[BII)Z @ 9 c2
Event: 1.871 Thread 0x00000238c58d5740 DEOPT PACKING pc=0x00000238d7d165f8 sp=0x000000c88c2fd410
Event: 1.871 Thread 0x00000238c58d5740 DEOPT UNPACKING pc=0x00000238d7744402 sp=0x000000c88c2fd2d8 mode 2
Event: 1.872 Thread 0x00000238c58d5740 Uncommon trap: trap_request=0xffffff45 fr.pc=0x00000238d7d160f8 relative=0x00000000000001d8
Event: 1.872 Thread 0x00000238c58d5740 Uncommon trap: reason=unstable_if action=reinterpret pc=0x00000238d7d160f8 method=java.lang.StringLatin1.regionMatchesCI([BI[BII)Z @ 9 c2
Event: 1.872 Thread 0x00000238c58d5740 DEOPT PACKING pc=0x00000238d7d160f8 sp=0x000000c88c2fd240
Event: 1.872 Thread 0x00000238c58d5740 DEOPT UNPACKING pc=0x00000238d7744402 sp=0x000000c88c2fd1d0 mode 2
Event: 1.971 Thread 0x00000238c58d5740 DEOPT PACKING pc=0x00000238d03100b9 sp=0x000000c88c2fc510
Event: 1.971 Thread 0x00000238c58d5740 DEOPT UNPACKING pc=0x00000238d7744b22 sp=0x000000c88c2fba08 mode 0

Classes loaded (20 events):
Event: 1.970 Loading class java/security/UnrecoverableKeyException
Event: 1.970 Loading class java/security/UnrecoverableEntryException
Event: 1.970 Loading class java/security/UnrecoverableEntryException done
Event: 1.970 Loading class java/security/UnrecoverableKeyException done
Event: 1.970 Loading class java/security/KeyStoreException
Event: 1.970 Loading class java/security/KeyStoreException done
Event: 1.970 Loading class java/security/cert/CertificateException
Event: 1.970 Loading class java/security/cert/CertificateException done
Event: 1.970 Loading class java/security/KeyManagementException
Event: 1.970 Loading class java/security/KeyManagementException done
Event: 1.970 Loading class javax/net/ssl/TrustManager
Event: 1.970 Loading class javax/net/ssl/TrustManager done
Event: 1.976 Loading class java/nio/charset/Charset$ExtendedProviderHolder
Event: 1.976 Loading class java/nio/charset/Charset$ExtendedProviderHolder done
Event: 1.976 Loading class java/nio/charset/Charset$ExtendedProviderHolder$1
Event: 1.976 Loading class java/nio/charset/Charset$ExtendedProviderHolder$1 done
Event: 1.981 Loading class sun/nio/cs/DoubleByte$Decoder
Event: 1.981 Loading class sun/nio/cs/DelegatableDecoder
Event: 1.981 Loading class sun/nio/cs/DelegatableDecoder done
Event: 1.981 Loading class sun/nio/cs/DoubleByte$Decoder done

Classes unloaded (0 events):
No events

Classes redefined (0 events):
No events

Internal exceptions (20 events):
Event: 1.033 Thread 0x00000238c58d5740 Exception <a 'java/lang/ClassNotFoundException'{0x000000008a138d60}: org/springframework/beans/factory/BeanClassLoaderAwareCustomizer> (0x000000008a138d60) 
thrown [s\open\src\hotspot\share\classfile\systemDictionary.cpp, line 313]
Event: 1.034 Thread 0x00000238c58d5740 Exception <a 'java/lang/ClassNotFoundException'{0x000000008a13c890}: org/springframework/aop/framework/AopInfrastructureBeanBeanInfo> (0x000000008a13c890) 
thrown [s\open\src\hotspot\share\classfile\systemDictionary.cpp, line 313]
Event: 1.034 Thread 0x00000238c58d5740 Exception <a 'java/lang/ClassNotFoundException'{0x000000008a13f030}: org/springframework/aop/framework/AopInfrastructureBeanCustomizer> (0x000000008a13f030) 
thrown [s\open\src\hotspot\share\classfile\systemDictionary.cpp, line 313]
Event: 1.040 Thread 0x00000238c58d5740 Exception <a 'java/lang/NoSuchMethodError'{0x000000008a15c580}: 'void java.lang.invoke.DirectMethodHandle$Holder.invokeVirtual(java.lang.Object, java.lang.Object, int)'> (0x000000008a15c580) 
thrown [s\open\src\hotspot\share\interpreter\linkResolver.cpp, line 796]
Event: 1.041 Thread 0x00000238c58d5740 Exception <a 'java/lang/NoSuchMethodError'{0x000000008a1634b8}: 'void java.lang.invoke.DelegatingMethodHandle$Holder.reinvoke_L(java.lang.Object, java.lang.Object, int)'> (0x000000008a1634b8) 
thrown [s\open\src\hotspot\share\interpreter\linkResolver.cpp, line 796]
Event: 1.060 Thread 0x00000238c58d5740 Exception <a 'java/lang/NoSuchMethodError'{0x000000008a04d2c8}: 'void java.lang.invoke.Invokers$Holder.invokeExact_MT(java.lang.Object, java.lang.Object, java.lang.Object, java.lang.Object)'> (0x000000008a04d2c8) 
thrown [s\open\src\hotspot\share\interpreter\linkResolver.cpp, line 796]
Event: 1.065 Thread 0x00000238c58d5740 Exception <a 'java/lang/NoSuchMethodError'{0x000000008a061738}: 'void java.lang.invoke.DirectMethodHandle$Holder.invokeSpecial(java.lang.Object, java.lang.Object, java.lang.Object, java.lang.Object, java.lang.Object, java.lang.Object)'> (0x000000008a061738) 
thrown [s\open\src\hotspot\share\interpreter\linkResolver.cpp, line 796]
Event: 1.074 Thread 0x00000238c58d5740 Exception <a 'java/lang/ClassNotFoundException'{0x000000008a085220}: org/springframework/transaction/annotation/ProxyTransactionManagementConfigurationBeanInfo> (0x000000008a085220) 
thrown [s\open\src\hotspot\share\classfile\systemDictionary.cpp, line 313]
Event: 1.074 Thread 0x00000238c58d5740 Exception <a 'java/lang/ClassNotFoundException'{0x000000008a087d40}: org/springframework/transaction/annotation/AbstractTransactionManagementConfigurationBeanInfo> (0x000000008a087d40) 
thrown [s\open\src\hotspot\share\classfile\systemDictionary.cpp, line 313]
Event: 1.074 Thread 0x00000238c58d5740 Exception <a 'java/lang/ClassNotFoundException'{0x000000008a08a878}: org/springframework/transaction/annotation/AbstractTransactionManagementConfigurationCustomizer> (0x000000008a08a878) 
thrown [s\open\src\hotspot\share\classfile\systemDictionary.cpp, line 313]
Event: 1.075 Thread 0x00000238c58d5740 Exception <a 'java/lang/ClassNotFoundException'{0x000000008a0902e0}: org/springframework/transaction/annotation/ProxyTransactionManagementConfigurationCustomizer> (0x000000008a0902e0) 
thrown [s\open\src\hotspot\share\classfile\systemDictionary.cpp, line 313]
Event: 1.076 Thread 0x00000238c58d5740 Exception <a 'java/lang/ClassNotFoundException'{0x000000008a097560}: org/springframework/context/annotation/ImportAwareBeanInfo> (0x000000008a097560) 
thrown [s\open\src\hotspot\share\classfile\systemDictionary.cpp, line 313]
Event: 1.076 Thread 0x00000238c58d5740 Exception <a 'java/lang/ClassNotFoundException'{0x000000008a099c38}: org/springframework/context/annotation/ImportAwareCustomizer> (0x000000008a099c38) 
thrown [s\open\src\hotspot\share\classfile\systemDictionary.cpp, line 313]
Event: 1.095 Thread 0x00000238c58d5740 Exception <a 'java/lang/NoSuchMethodError'{0x0000000089f84ae0}: 'int java.lang.invoke.Invokers$Holder.invokeExact_MT(java.lang.Object, java.lang.Object)'> (0x0000000089f84ae0) 
thrown [s\open\src\hotspot\share\interpreter\linkResolver.cpp, line 796]
Event: 1.113 Thread 0x00000238c58d5740 Exception <a 'java/lang/NoSuchMethodError'{0x0000000089e0ff78}: 'java.lang.Object java.lang.invoke.DirectMethodHandle$Holder.invokeVirtual(java.lang.Object, java.lang.Object, java.lang.Object, java.lang.Object)'> (0x0000000089e0ff78) 
thrown [s\open\src\hotspot\share\interpreter\linkResolver.cpp, line 796]
Event: 1.187 Thread 0x00000238c58d5740 Exception <a 'java/lang/NoSuchMethodError'{0x0000000089ccd380}: 'java.lang.ClassLoader java.lang.Class.getClassLoader(java.lang.Class)'> (0x0000000089ccd380) 
thrown [s\open\src\hotspot\share\interpreter\linkResolver.cpp, line 796]
Event: 1.443 Thread 0x00000238c58d5740 Exception <a 'java/lang/NoSuchMethodError'{0x00000000894872d0}: 'int java.lang.invoke.DirectMethodHandle$Holder.invokeVirtual(java.lang.Object, java.lang.Object)'> (0x00000000894872d0) 
thrown [s\open\src\hotspot\share\interpreter\linkResolver.cpp, line 796]
Event: 1.656 Thread 0x00000238c58d5740 Exception <a 'java/lang/NoSuchMethodError'{0x0000000088fec9e0}: 'java.lang.Object java.lang.invoke.DirectMethodHandle$Holder.invokeStaticInit(java.lang.Object, int, int, int, int)'> (0x0000000088fec9e0) 
thrown [s\open\src\hotspot\share\interpreter\linkResolver.cpp, line 796]
Event: 1.684 Thread 0x00000238c58d5740 Exception <a 'java/lang/NoSuchMethodError'{0x0000000088eb2d18}: 'java.lang.Object java.lang.invoke.DirectMethodHandle$Holder.invokeStaticInit(java.lang.Object, java.lang.Object, int, int, int, int)'> (0x0000000088eb2d18) 
thrown [s\open\src\hotspot\share\interpreter\linkResolver.cpp, line 796]
Event: 1.971 Thread 0x00000238c58d5740 Exception <a 'java/lang/NoSuchMethodError'{0x0000000089a2a888}: 'void java.lang.invoke.DirectMethodHandle$Holder.invokeStaticInit(java.lang.Object, java.lang.Object)'> (0x0000000089a2a888) 
thrown [s\open\src\hotspot\share\interpreter\linkResolver.cpp, line 796]

VM Operations (20 events):
Event: 0.905 Executing VM operation: HandshakeAllThreads (Deoptimize)
Event: 0.905 Executing VM operation: HandshakeAllThreads (Deoptimize) done
Event: 0.958 Executing VM operation: HandshakeAllThreads (Deoptimize)
Event: 0.958 Executing VM operation: HandshakeAllThreads (Deoptimize) done
Event: 0.962 Executing VM operation: HandshakeAllThreads (Deoptimize)
Event: 0.962 Executing VM operation: HandshakeAllThreads (Deoptimize) done
Event: 1.015 Executing VM operation: G1CollectForAllocation (G1 Evacuation Pause)
Event: 1.023 Executing VM operation: G1CollectForAllocation (G1 Evacuation Pause) done
Event: 1.085 Executing VM operation: HandshakeAllThreads (Deoptimize)
Event: 1.085 Executing VM operation: HandshakeAllThreads (Deoptimize) done
Event: 1.153 Executing VM operation: HandshakeAllThreads (Deoptimize)
Event: 1.154 Executing VM operation: HandshakeAllThreads (Deoptimize) done
Event: 1.154 Executing VM operation: HandshakeAllThreads (Deoptimize)
Event: 1.154 Executing VM operation: HandshakeAllThreads (Deoptimize) done
Event: 1.531 Executing VM operation: HandshakeAllThreads (Deoptimize)
Event: 1.531 Executing VM operation: HandshakeAllThreads (Deoptimize) done
Event: 1.616 Executing VM operation: HandshakeAllThreads (Deoptimize)
Event: 1.616 Executing VM operation: HandshakeAllThreads (Deoptimize) done
Event: 1.808 Executing VM operation: G1CollectForAllocation (G1 Evacuation Pause)
Event: 1.818 Executing VM operation: G1CollectForAllocation (G1 Evacuation Pause) done

Memory protections (0 events):
No events

Nmethod flushes (0 events):
No events

Events (16 events):
Event: 0.034 Thread 0x00000238c58d5740 Thread added: 0x00000238c58d5740
Event: 0.058 Thread 0x00000238c58d5740 Thread added: 0x00000238e47688e0
Event: 0.058 Thread 0x00000238c58d5740 Thread added: 0x00000238e47699b0
Event: 0.058 Thread 0x00000238c58d5740 Thread added: 0x00000238e476dac0
Event: 0.058 Thread 0x00000238c58d5740 Thread added: 0x00000238e476e520
Event: 0.058 Thread 0x00000238c58d5740 Thread added: 0x00000238e4779300
Event: 0.059 Thread 0x00000238c58d5740 Thread added: 0x00000238e479d420
Event: 0.059 Thread 0x00000238c58d5740 Thread added: 0x00000238e47a11d0
Event: 0.059 Thread 0x00000238c58d5740 Thread added: 0x00000238e47a1c80
Event: 0.102 Thread 0x00000238c58d5740 Thread added: 0x00000238c50d3c20
Event: 0.119 Thread 0x00000238e47a1c80 Thread added: 0x00000238c5213b60
Event: 0.171 Thread 0x00000238e47a11d0 Thread added: 0x00000238c526e0e0
Event: 0.192 Thread 0x00000238c58d5740 Thread added: 0x00000238c50d4fd0
Event: 0.192 Thread 0x00000238c58d5740 Thread added: 0x00000238c50d6380
Event: 0.353 Thread 0x00000238c526e0e0 Thread exited: 0x00000238c526e0e0
Event: 1.154 Thread 0x00000238c58d5740 Thread added: 0x00000238c50d4940


Dynamic libraries:
0x00007ff6b2390000 - 0x00007ff6b239e000 	C:\Users\Владислав Мехедов\.jdks\openjdk-23\bin\java.exe
0x00007ffe3d150000 - 0x00007ffe3d348000 	C:\WINDOWS\SYSTEM32\ntdll.dll
0x00007ffe3c2a0000 - 0x00007ffe3c361000 	C:\WINDOWS\System32\KERNEL32.DLL
0x00007ffe3ae30000 - 0x00007ffe3b12d000 	C:\WINDOWS\System32\KERNELBASE.dll
0x00007ffe3ac40000 - 0x00007ffe3ad40000 	C:\WINDOWS\System32\ucrtbase.dll
0x00007ffe33ec0000 - 0x00007ffe33ed7000 	C:\Users\Владислав Мехедов\.jdks\openjdk-23\bin\jli.dll
0x00007ffe35fe0000 - 0x00007ffe35ffb000 	C:\Users\Владислав Мехедов\.jdks\openjdk-23\bin\VCRUNTIME140.dll
0x00007ffe3cc20000 - 0x00007ffe3cdbd000 	C:\WINDOWS\System32\USER32.dll
0x00007ffe3ae00000 - 0x00007ffe3ae22000 	C:\WINDOWS\System32\win32u.dll
0x00007ffe39450000 - 0x00007ffe396ea000 	C:\WINDOWS\WinSxS\amd64_microsoft.windows.common-controls_6595b64144ccf1df_6.0.19041.4355_none_60b8b9eb71f62e16\COMCTL32.dll
0x00007ffe3cdc0000 - 0x00007ffe3ce5e000 	C:\WINDOWS\System32\msvcrt.dll
0x00007ffe3cec0000 - 0x00007ffe3ceeb000 	C:\WINDOWS\System32\GDI32.dll
0x00007ffe3aa00000 - 0x00007ffe3ab17000 	C:\WINDOWS\System32\gdi32full.dll
0x00007ffe3a960000 - 0x00007ffe3a9fd000 	C:\WINDOWS\System32\msvcp_win.dll
0x00007ffe3bdf0000 - 0x00007ffe3be1f000 	C:\WINDOWS\System32\IMM32.DLL
0x00007ffe361c0000 - 0x00007ffe361cc000 	C:\Users\Владислав Мехедов\.jdks\openjdk-23\bin\vcruntime140_1.dll
0x00007ffe11d70000 - 0x00007ffe11dfe000 	C:\Users\Владислав Мехедов\.jdks\openjdk-23\bin\msvcp140.dll
0x00007ffdf8660000 - 0x00007ffdf93af000 	C:\Users\Владислав Мехедов\.jdks\openjdk-23\bin\server\jvm.dll
0x00007ffe3b540000 - 0x00007ffe3b5f0000 	C:\WINDOWS\System32\ADVAPI32.dll
0x00007ffe3bd50000 - 0x00007ffe3bdf0000 	C:\WINDOWS\System32\sechost.dll
0x00007ffe3b7c0000 - 0x00007ffe3b8e3000 	C:\WINDOWS\System32\RPCRT4.dll
0x00007ffe3ad40000 - 0x00007ffe3ad67000 	C:\WINDOWS\System32\bcrypt.dll
0x00007ffe3b8f0000 - 0x00007ffe3b95b000 	C:\WINDOWS\System32\WS2_32.dll
0x00007ffe3a280000 - 0x00007ffe3a2cb000 	C:\WINDOWS\SYSTEM32\POWRPROF.dll
0x00007ffe38c70000 - 0x00007ffe38c97000 	C:\WINDOWS\SYSTEM32\WINMM.dll
0x00007ffe30800000 - 0x00007ffe3080a000 	C:\WINDOWS\SYSTEM32\VERSION.dll
0x00007ffe3a230000 - 0x00007ffe3a242000 	C:\WINDOWS\SYSTEM32\UMPDC.dll
0x00007ffe38560000 - 0x00007ffe38572000 	C:\WINDOWS\SYSTEM32\kernel.appcore.dll
0x00007ffe361a0000 - 0x00007ffe361aa000 	C:\Users\Владислав Мехедов\.jdks\openjdk-23\bin\jimage.dll
0x00007ffe381f0000 - 0x00007ffe383d4000 	C:\WINDOWS\SYSTEM32\DBGHELP.DLL
0x00007ffe230c0000 - 0x00007ffe230f4000 	C:\WINDOWS\SYSTEM32\dbgcore.DLL
0x00007ffe3ad70000 - 0x00007ffe3adf2000 	C:\WINDOWS\System32\bcryptPrimitives.dll
0x00007ffe34000000 - 0x00007ffe3400f000 	C:\Users\Владислав Мехедов\.jdks\openjdk-23\bin\instrument.dll
0x00007ffe33cf0000 - 0x00007ffe33d0e000 	C:\Users\Владислав Мехедов\.jdks\openjdk-23\bin\java.dll
0x00007ffe3b200000 - 0x00007ffe3b32b000 	C:\WINDOWS\System32\ole32.dll
0x00007ffe3b9f0000 - 0x00007ffe3bd43000 	C:\WINDOWS\System32\combase.dll
0x00007ffe3c4b0000 - 0x00007ffe3cc1f000 	C:\WINDOWS\System32\SHELL32.dll
0x00007ffe38ca0000 - 0x00007ffe39443000 	C:\WINDOWS\SYSTEM32\windows.storage.dll
0x00007ffe3a1c0000 - 0x00007ffe3a1ee000 	C:\WINDOWS\SYSTEM32\Wldp.dll
0x00007ffe3c3e0000 - 0x00007ffe3c4ad000 	C:\WINDOWS\System32\OLEAUT32.dll
0x00007ffe3b5f0000 - 0x00007ffe3b69d000 	C:\WINDOWS\System32\SHCORE.dll
0x00007ffe3ce60000 - 0x00007ffe3ceb5000 	C:\WINDOWS\System32\shlwapi.dll
0x00007ffe3a730000 - 0x00007ffe3a754000 	C:\WINDOWS\SYSTEM32\profapi.dll
0x00007ffe00b20000 - 0x00007ffe00bf7000 	C:\Users\Владислав Мехедов\.jdks\openjdk-23\bin\jsvml.dll
0x00007ffe33b90000 - 0x00007ffe33ba7000 	C:\Users\Владислав Мехедов\.jdks\openjdk-23\bin\zip.dll
0x00007ffe36140000 - 0x00007ffe36150000 	C:\Users\Владислав Мехедов\.jdks\openjdk-23\bin\net.dll
0x00007ffe39ec0000 - 0x00007ffe39f2a000 	C:\WINDOWS\system32\mswsock.dll
0x00007ffe33c40000 - 0x00007ffe33c56000 	C:\Users\Владислав Мехедов\.jdks\openjdk-23\bin\nio.dll
0x00007ffe320e0000 - 0x00007ffe320fa000 	C:\Program Files\JetBrains\IntelliJ IDEA 2024.2.0.1\bin\breakgen64.dll
0x00007ffe33eb0000 - 0x00007ffe33eb9000 	C:\Users\Владислав Мехедов\.jdks\openjdk-23\bin\extnet.dll
0x00007ffe33c10000 - 0x00007ffe33c20000 	C:\Users\Владислав Мехедов\.jdks\openjdk-23\bin\verify.dll
0x00007ffe3a0b0000 - 0x00007ffe3a0c8000 	C:\WINDOWS\SYSTEM32\CRYPTSP.dll
0x0000000051680000 - 0x0000000051699000 	C:\Program Files\Common Files\Crypto Pro\AppCompat\cpadvai.dll
0x00007ffe397e0000 - 0x00007ffe39814000 	C:\WINDOWS\system32\rsaenh.dll
0x00007ffe3a6b0000 - 0x00007ffe3a6de000 	C:\WINDOWS\SYSTEM32\USERENV.dll
0x00007ffe3a0d0000 - 0x00007ffe3a0dc000 	C:\WINDOWS\SYSTEM32\CRYPTBASE.dll
0x00007ffe39ba0000 - 0x00007ffe39bdb000 	C:\WINDOWS\SYSTEM32\IPHLPAPI.DLL
0x00007ffe3c370000 - 0x00007ffe3c378000 	C:\WINDOWS\System32\NSI.dll
0x00007ffe39be0000 - 0x00007ffe39caa000 	C:\WINDOWS\SYSTEM32\DNSAPI.dll
0x00007ffe31410000 - 0x00007ffe3141a000 	C:\Windows\System32\rasadhlp.dll
0x00007ffe27cc0000 - 0x00007ffe27d40000 	C:\WINDOWS\System32\fwpuclnt.dll

dbghelp: loaded successfully - version: 4.0.5 - missing functions: none
symbol engine: initialized successfully - sym options: 0x614 - pdb path: .;C:\Users\Владислав Мехедов\.jdks\openjdk-23\bin;C:\WINDOWS\SYSTEM32;C:\WINDOWS\WinSxS\amd64_microsoft.windows.common-controls_6595b64144ccf1df_6.0.19041.4355_none_60b8b9eb71f62e16;C:\Users\Владислав Мехедов\.jdks\openjdk-23\bin\server;C:\Program Files\JetBrains\IntelliJ IDEA 2024.2.0.1\bin;C:\Program Files\Common Files\Crypto Pro\AppCompat

VM Arguments:
jvm_args: -javaagent:C:\Program Files\JetBrains\IntelliJ IDEA 2024.2.0.1\lib\idea_rt.jar=63133:C:\Program Files\JetBrains\IntelliJ IDEA 2024.2.0.1\bin -Dfile.encoding=UTF-8 -Dsun.stdout.encoding=UTF-8 -Dsun.stderr.encoding=UTF-8 
java_command: hiber.MainApp
java_class_path (initial): C:\Users\Владислав Мехедов\IdeaProjects\PP_2_2_1_spring_hibernate3\2.2.1. spring_hibernate\target\classes;C:\Users\Владислав Мехедов\.m2\repository\org\springframework\spring-context\5.3.14\spring-context-5.3.14.jar;C:\Users\Владислав Мехедов\.m2\repository\org\springframework\spring-aop\5.3.14\spring-aop-5.3.14.jar;C:\Users\Владислав Мехедов\.m2\repository\org\springframework\spring-beans\5.3.14\spring-beans-5.3.14.jar;C:\Users\Владислав Мехедов\.m2\repository\org\springframework\spring-core\5.3.14\spring-core-5.3.14.jar;C:\Users\Владислав Мехедов\.m2\repository\org\springframework\spring-jcl\5.3.14\spring-jcl-5.3.14.jar;C:\Users\Владислав Мехедов\.m2\repository\org\springframework\spring-expression\5.3.14\spring-expression-5.3.14.jar;C:\Users\Владислав Мехедов\.m2\repository\org\springframework\spring-orm\5.3.14\spring-orm-5.3.14.jar;C:\Users\Владислав Мехедов\.m2\repository\org\springframework\spring-jdbc\5.3.14\spring-jdbc-5.3.14.jar;C:\Users\Владислав Мехедов\.m2\repository\org\springframework\spring-tx\5.3.14\spring-tx-5.3.14.jar;C:\Users\Владислав Мехедов\.m2\repository\org\hibernate\hibernate-core\5.6.3.Final\hibernate-core-5.6.3.Final.jar;C:\Users\Владислав Мехедов\.m2\repository\org\jboss\logging\jboss-logging\3.4.2.Final\jboss-logging-3.4.2.Final.jar;C:\Users\Владислав Мехедов\.m2\repository\javax\persistence\javax.persistence-api\2.2\javax.persistence-api-2.2.jar;C:\Users\Владислав Мехедов\.m2\repository\net\bytebuddy\byte-buddy\1.11.20\byte-buddy-1.11.20.jar;C:\Users\Владислав Мехедов\.m2\repository\antlr\antlr\2.7.7\antlr-2.7.7.jar;C:\Users\Владислав Мехедов\.m2\repository\org\jboss\spec\javax\transaction\jboss-transaction-api_1.2_spec\1.1.1.Final\jboss-transaction-api_1.2_spec-1.1.1.Final.jar;C:\Users\Владислав Мехедов\.m2\repository\org\jboss\jandex\2.2.3.Final\jandex-2.2.3.Final.jar;C:\Users\Владислав Мехедов\.m2\repository\com\fasterxml\classmate\1.5.1\classmate-1.5.1.jar;C:\Users\Владислав Мехедов\.m2\repository\javax\activation\javax.activation-api\1.2.0\javax.activation-api-1.2.0.jar;C:\Users\Владислав Мехедов\.m2\repository\org\hibernate\common\hibernate-commons-annotations\5.1.2.Final\hibernate-commons-annotations-5.1.2.Final.jar;C:\Users\Владислав Мехедов\.m2\repository\javax\xml\bind\jaxb-api\2.3.1\jaxb-api-2.3.1.jar;C:\Users\Владислав Мехедов\.m2\repository\org\glassfish\jaxb\jaxb-runtime\2.3.1\jaxb-runtime-2.3.1.jar;C:\Users\Владислав Мехедов\.m2\repository\org\glassfish\jaxb\txw2\2.3.1\txw2-2.3.1.jar;C:\Users\Владислав Мехедов\.m2\repository\com\sun\istack\istack-commons-runtime\3.0.7\istack-commons-runtime-3.0.7.jar;C:\Users\Владислав Мехедов\.m2\repository\org\jvnet\staxex\stax-ex\1.8\stax-ex-1.8.jar;C:\Users\Владислав Мехедов\.m2\repository\com\sun\xml\fastinfoset\FastInfoset\1.2.15\FastInfoset-1.2.15.jar;C:\Users\Владислав Мехедов\.m2\repository\mysql\mysql-connector-java\8.0.25\mysql-connector-java-8.0.25.jar;C:\Users\Владислав Мехедов\.m2\repository\com\google\protobuf\protobuf-java\3.11.4\protobuf-java-3.11.4.jar
Launcher Type: SUN_STANDARD

[Global flags]
     intx CICompilerCount                          = 4                                         {product} {ergonomic}
     uint ConcGCThreads                            = 2                                         {product} {ergonomic}
     uint G1ConcRefinementThreads                  = 8                                         {product} {ergonomic}
   size_t G1HeapRegionSize                         = 1048576                                   {product} {ergonomic}
   size_t InitialHeapSize                          = 132120576                                 {product} {ergonomic}
   size_t MarkStackSize                            = 4194304                                   {product} {ergonomic}
   size_t MarkStackSizeMax                         = 536870912                                 {product} {ergonomic}
   size_t MaxHeapSize                              = 2109734912                                {product} {ergonomic}
   size_t MaxNewSize                               = 1265631232                                {product} {ergonomic}
   size_t MinHeapDeltaBytes                        = 1048576                                   {product} {ergonomic}
   size_t MinHeapSize                              = 8388608                                   {product} {ergonomic}
    uintx NonNMethodCodeHeapSize                   = 5832704                                {pd product} {ergonomic}
    uintx NonProfiledCodeHeapSize                  = 122945536                              {pd product} {ergonomic}
    uintx ProfiledCodeHeapSize                     = 122880000                              {pd product} {ergonomic}
    uintx ReservedCodeCacheSize                    = 251658240                              {pd product} {ergonomic}
     bool SegmentedCodeCache                       = true                                      {product} {ergonomic}
   size_t SoftMaxHeapSize                          = 2109734912                             {manageable} {ergonomic}
     bool UseCompressedOops                        = true                           {product lp64_product} {ergonomic}
     bool UseG1GC                                  = true                                      {product} {ergonomic}
     bool UseLargePagesIndividualAllocation        = false                                  {pd product} {ergonomic}

Logging:
Log output configuration:
 #0: stdout all=warning uptime,level,tags foldmultilines=false
 #1: stderr all=off uptime,level,tags foldmultilines=false

Environment Variables:
JAVA_HOME=C:\Program Files\Java\jdk-17.0.2+8
PATH=C:\Program Files\Java\jdk-17.0.2+8\bin;C:\ProgramData\Oracle\Java\javapath;C:\Windows\system32;C:\Windows;C:\Windows\System32\Wbem;C:\Windows\System32\WindowsPowerShell\v1.0\;C:\Windows\System32\OpenSSH\;C:\Program Files\NVIDIA Corporation\NVIDIA NvDLISR;C:\Program Files (x86)\NVIDIA Corporation\PhysX\Common;C:\WINDOWS\system32;C:\WINDOWS;C:\WINDOWS\System32\Wbem;C:\WINDOWS\System32\WindowsPowerShell\v1.0\;C:\WINDOWS\System32\OpenSSH\;C:\Program Files\dotnet\;C:\Program Files (x86)\Windows Kits\10\Windows Performance Toolkit\;C:\Program Files\Git\cmd;C:\Program Files\MySQL\MySQL Shell 8.0\bin\;C:\Users\Владислав Мехедов\AppData\Local\Microsoft\WindowsApps;C:\Users\Владислав Мехедов\AppData\Local\atom\bin;C:\Users\Владислав Мехедов\AppData\Local\Microsoft\WindowsApps;C:\Program Files\Java\jdk-17.0.2+8\bin;;C:\Program Files\JetBrains\IntelliJ IDEA 2024.2.0.1\bin;
USERNAME=Владислав Мехедов
OS=Windows_NT
PROCESSOR_IDENTIFIER=Intel64 Family 6 Model 158 Stepping 10, GenuineIntel
TMP=C:\Users\7DA8~1\AppData\Local\Temp
TEMP=C:\Users\7DA8~1\AppData\Local\Temp




Periodic native trim disabled

---------------  S Y S T E M  ---------------

OS:
 Windows 10 , 64 bit Build 19041 (10.0.19041.4842)
OS uptime: 7 days 16:04 hours

CPU: total 8 (initial active 8) (4 cores per cpu, 2 threads per core) family 6 model 158 stepping 10 microcode 0xb4, cx8, cmov, fxsr, ht, mmx, 3dnowpref, sse, sse2, sse3, ssse3, sse4.1, sse4.2, popcnt, lzcnt, tsc, tscinvbit, avx, avx2, aes, erms, clmul, bmi1, bmi2, adx, fma, vzeroupper, clflush, clflushopt, rdtscp, f16c
Processor Information for the first 8 processors :
  Max Mhz: 2304, Current Mhz: 2304, Mhz Limit: 2304

Memory: 4k page, system-wide physical 8041M (522M free)
TotalPageFile size 12127M (AvailPageFile size 1M)
current process WorkingSet (physical memory assigned to process): 111M, peak: 111M
current process commit charge ("private bytes"): 243M, peak: 244M

vm_info: OpenJDK 64-Bit Server VM (23+37-2369) for windows-amd64 JRE (23+37-2369), built on 2024-08-20T16:01:23Z with MS VC++ 17.6 (VS2022)

END.
